TN:
SF:src\db\connection.js
FN:36,getDatabaseConfig
FN:108,(anonymous_1)
FN:111,(anonymous_2)
FN:133,createPool
FN:163,testConnection
FN:184,initializeWithRetry
FN:219,sleep
FN:220,(anonymous_7)
FN:232,getPool
FN:243,isConnectionActive
FN:253,query
FN:271,transaction
FN:298,closePool
FN:322,healthCheck
FN:355,getPoolStats
FN:402,startPoolMonitoring
FN:403,(anonymous_16)
FNF:17
FNH:8
FNDA:1,getDatabaseConfig
FNDA:2,(anonymous_1)
FNDA:0,(anonymous_2)
FNDA:1,createPool
FNDA:1,testConnection
FNDA:1,initializeWithRetry
FNDA:1,sleep
FNDA:1,(anonymous_7)
FNDA:0,getPool
FNDA:0,isConnectionActive
FNDA:2,query
FNDA:0,transaction
FNDA:0,closePool
FNDA:0,healthCheck
FNDA:0,getPoolStats
FNDA:0,startPoolMonitoring
FNDA:0,(anonymous_16)
DA:17,1
DA:18,1
DA:19,1
DA:25,1
DA:26,1
DA:37,1
DA:107,1
DA:108,2
DA:110,1
DA:111,0
DA:113,0
DA:114,0
DA:116,0
DA:119,1
DA:126,1
DA:127,1
DA:134,1
DA:135,1
DA:137,1
DA:144,1
DA:147,1
DA:149,0
DA:150,0
DA:152,0
DA:154,1
DA:155,1
DA:164,1
DA:165,0
DA:168,1
DA:169,1
DA:170,0
DA:171,0
DA:172,0
DA:174,1
DA:175,1
DA:185,1
DA:187,1
DA:188,1
DA:189,1
DA:191,1
DA:193,0
DA:194,0
DA:196,1
DA:197,1
DA:200,1
DA:201,1
DA:202,1
DA:208,0
DA:209,0
DA:220,1
DA:233,0
DA:234,0
DA:236,0
DA:244,0
DA:254,2
DA:255,2
DA:256,0
DA:258,2
DA:262,2
DA:272,0
DA:274,0
DA:275,0
DA:277,0
DA:279,0
DA:280,0
DA:282,0
DA:283,0
DA:284,0
DA:286,0
DA:299,0
DA:300,0
DA:301,0
DA:302,0
DA:303,0
DA:304,0
DA:305,0
DA:307,0
DA:308,0
DA:323,0
DA:324,0
DA:325,0
DA:332,0
DA:333,0
DA:334,0
DA:336,0
DA:343,0
DA:356,0
DA:357,0
DA:360,0
DA:362,0
DA:363,0
DA:365,0
DA:392,0
DA:393,0
DA:403,0
DA:404,0
DA:405,0
DA:406,0
DA:409,0
DA:410,0
DA:417,0
DA:418,0
DA:431,1
LF:103
LH:40
BRDA:38,0,0,1
BRDA:38,0,1,0
BRDA:39,1,0,1
BRDA:39,1,1,0
BRDA:41,2,0,1
BRDA:41,2,1,1
BRDA:55,3,0,1
BRDA:55,3,1,1
BRDA:59,4,0,1
BRDA:59,4,1,1
BRDA:63,5,0,1
BRDA:63,5,1,1
BRDA:66,6,0,1
BRDA:66,6,1,1
BRDA:69,7,0,1
BRDA:69,7,1,1
BRDA:72,8,0,1
BRDA:72,8,1,1
BRDA:110,9,0,0
BRDA:110,9,1,1
BRDA:113,10,0,0
BRDA:113,10,1,0
BRDA:164,11,0,0
BRDA:164,11,1,1
BRDA:200,12,0,1
BRDA:200,12,1,0
BRDA:233,13,0,0
BRDA:233,13,1,0
BRDA:244,14,0,0
BRDA:244,14,1,0
BRDA:253,15,0,2
BRDA:299,16,0,0
BRDA:299,16,1,0
BRDA:324,17,0,0
BRDA:324,17,1,0
BRDA:356,18,0,0
BRDA:356,18,1,0
BRDA:371,19,0,0
BRDA:371,19,1,0
BRDA:374,20,0,0
BRDA:374,20,1,0
BRDA:377,21,0,0
BRDA:377,21,1,0
BRDA:383,22,0,0
BRDA:383,22,1,0
BRDA:385,23,0,0
BRDA:385,23,1,0
BRDA:402,24,0,0
BRDA:405,25,0,0
BRDA:405,25,1,0
BRDA:409,26,0,0
BRDA:409,26,1,0
BRDA:417,27,0,0
BRDA:417,27,1,0
BRF:54
BRH:20
end_of_record
TN:
SF:src\middleware\auth.js
FN:17,authenticateToken
FNF:1
FNH:0
FNDA:0,authenticateToken
DA:6,1
DA:19,0
DA:22,0
DA:23,0
DA:30,0
DA:35,0
DA:36,0
DA:42,0
DA:44,0
DA:47,0
DA:53,0
DA:56,0
DA:63,1
LF:13
LH:2
BRDA:22,0,0,0
BRDA:22,0,1,0
BRDA:30,1,0,0
BRDA:30,1,1,0
BRDA:35,2,0,0
BRDA:35,2,1,0
BRF:6
BRH:0
end_of_record
TN:
SF:src\middleware\errorHandler.js
FN:18,containsSensitiveInfo
FN:33,(anonymous_1)
FN:41,sanitizeObject
FN:68,logError
FN:116,getStatusCode
FN:166,getUserMessage
FN:195,errorHandler
FN:236,notFoundHandler
FN:257,asyncHandler
FN:258,(anonymous_9)
FNF:10
FNH:0
FNDA:0,containsSensitiveInfo
FNDA:0,(anonymous_1)
FNDA:0,sanitizeObject
FNDA:0,logError
FNDA:0,getStatusCode
FNDA:0,getUserMessage
FNDA:0,errorHandler
FNDA:0,notFoundHandler
FNDA:0,asyncHandler
FNDA:0,(anonymous_9)
DA:19,0
DA:20,0
DA:23,0
DA:33,0
DA:42,0
DA:43,0
DA:46,0
DA:48,0
DA:50,0
DA:51,0
DA:52,0
DA:54,0
DA:56,0
DA:60,0
DA:69,0
DA:70,0
DA:71,0
DA:72,0
DA:75,0
DA:87,0
DA:88,0
DA:89,0
DA:93,0
DA:94,0
DA:98,0
DA:99,0
DA:103,0
DA:104,0
DA:108,0
DA:118,0
DA:119,0
DA:122,0
DA:123,0
DA:127,0
DA:128,0
DA:131,0
DA:132,0
DA:135,0
DA:136,0
DA:139,0
DA:140,0
DA:143,0
DA:144,0
DA:147,0
DA:148,0
DA:152,0
DA:153,0
DA:157,0
DA:168,0
DA:170,0
DA:174,0
DA:178,0
DA:182,0
DA:197,0
DA:200,0
DA:203,0
DA:206,0
DA:212,0
DA:213,0
DA:220,0
DA:221,0
DA:226,0
DA:237,0
DA:258,0
DA:259,0
DA:263,1
LF:66
LH:1
BRDA:19,0,0,0
BRDA:19,0,1,0
BRDA:19,1,0,0
BRDA:19,1,1,0
BRDA:42,2,0,0
BRDA:42,2,1,0
BRDA:42,3,0,0
BRDA:42,3,1,0
BRDA:50,4,0,0
BRDA:50,4,1,0
BRDA:52,5,0,0
BRDA:52,5,1,0
BRDA:52,6,0,0
BRDA:52,6,1,0
BRDA:72,7,0,0
BRDA:72,7,1,0
BRDA:79,8,0,0
BRDA:79,8,1,0
BRDA:83,9,0,0
BRDA:83,9,1,0
BRDA:83,9,2,0
BRDA:87,10,0,0
BRDA:87,10,1,0
BRDA:87,11,0,0
BRDA:87,11,1,0
BRDA:93,12,0,0
BRDA:93,12,1,0
BRDA:93,13,0,0
BRDA:93,13,1,0
BRDA:98,14,0,0
BRDA:98,14,1,0
BRDA:98,15,0,0
BRDA:98,15,1,0
BRDA:103,16,0,0
BRDA:103,16,1,0
BRDA:103,17,0,0
BRDA:103,17,1,0
BRDA:118,18,0,0
BRDA:118,18,1,0
BRDA:122,19,0,0
BRDA:122,19,1,0
BRDA:127,20,0,0
BRDA:127,20,1,0
BRDA:131,21,0,0
BRDA:131,21,1,0
BRDA:131,22,0,0
BRDA:131,22,1,0
BRDA:135,23,0,0
BRDA:135,23,1,0
BRDA:135,24,0,0
BRDA:135,24,1,0
BRDA:139,25,0,0
BRDA:139,25,1,0
BRDA:139,26,0,0
BRDA:139,26,1,0
BRDA:143,27,0,0
BRDA:143,27,1,0
BRDA:143,28,0,0
BRDA:143,28,1,0
BRDA:147,29,0,0
BRDA:147,29,1,0
BRDA:147,30,0,0
BRDA:147,30,1,0
BRDA:152,31,0,0
BRDA:152,31,1,0
BRDA:152,32,0,0
BRDA:152,32,1,0
BRDA:168,33,0,0
BRDA:168,33,1,0
BRDA:168,34,0,0
BRDA:168,34,1,0
BRDA:170,35,0,0
BRDA:170,35,1,0
BRDA:171,36,0,0
BRDA:171,36,1,0
BRDA:182,37,0,0
BRDA:182,37,1,0
BRDA:212,38,0,0
BRDA:212,38,1,0
BRDA:220,39,0,0
BRDA:220,39,1,0
BRF:81
BRH:0
end_of_record
TN:
SF:src\middleware\etag.js
FN:26,etagMiddleware
FN:36,(anonymous_1)
FN:72,generateStrongEtag
FN:86,generateWeakEtag
FN:97,conditionalRequestMiddleware
FN:107,(anonymous_5)
FNF:6
FNH:0
FNDA:0,etagMiddleware
FNDA:0,(anonymous_1)
FNDA:0,generateStrongEtag
FNDA:0,generateWeakEtag
FNDA:0,conditionalRequestMiddleware
FNDA:0,(anonymous_5)
DA:13,1
DA:14,1
DA:28,0
DA:29,0
DA:33,0
DA:36,0
DA:38,0
DA:41,0
DA:44,0
DA:47,0
DA:50,0
DA:52,0
DA:54,0
DA:57,0
DA:61,0
DA:73,0
DA:74,0
DA:87,0
DA:88,0
DA:89,0
DA:99,0
DA:100,0
DA:104,0
DA:107,0
DA:109,0
DA:110,0
DA:111,0
DA:114,0
DA:115,0
DA:116,0
DA:117,0
DA:119,0
DA:121,0
DA:127,0
DA:130,0
DA:133,1
LF:36
LH:3
BRDA:28,0,0,0
BRDA:28,0,1,0
BRDA:28,1,0,0
BRDA:28,1,1,0
BRDA:52,2,0,0
BRDA:52,2,1,0
BRDA:52,3,0,0
BRDA:52,3,1,0
BRDA:88,4,0,0
BRDA:88,4,1,0
BRDA:99,5,0,0
BRDA:99,5,1,0
BRDA:99,6,0,0
BRDA:99,6,1,0
BRDA:109,7,0,0
BRDA:109,7,1,0
BRDA:115,8,0,0
BRDA:115,8,1,0
BRDA:119,9,0,0
BRDA:119,9,1,0
BRF:20
BRH:0
end_of_record
TN:
SF:src\middleware\httpsRedirect.js
FN:20,httpsRedirect
FNF:1
FNH:0
FNDA:0,httpsRedirect
DA:22,0
DA:26,0
DA:28,0
DA:30,0
DA:33,0
DA:38,0
DA:41,1
LF:7
LH:1
BRDA:22,0,0,0
BRDA:22,0,1,0
BRDA:26,1,0,0
BRDA:26,1,1,0
BRDA:28,2,0,0
BRDA:28,2,1,0
BRF:6
BRH:0
end_of_record
TN:
SF:src\middleware\rateLimiter.js
FN:41,(anonymous_0)
FN:77,(anonymous_1)
FN:89,(anonymous_2)
FN:93,(anonymous_3)
FNF:4
FNH:0
FNDA:0,(anonymous_0)
FNDA:0,(anonymous_1)
FNDA:0,(anonymous_2)
FNDA:0,(anonymous_3)
DA:16,1
DA:29,1
DA:42,0
DA:46,0
DA:66,1
DA:79,0
DA:82,0
DA:83,0
DA:86,0
DA:90,0
DA:94,0
DA:98,0
DA:126,1
DA:132,1
LF:14
LH:5
BRDA:82,0,0,0
BRDA:82,0,1,0
BRF:2
BRH:0
end_of_record
TN:
SF:src\routes\auth.js
FN:35,validateUsername
FN:62,validateEmail
FN:87,validatePassword
FN:112,(anonymous_3)
FN:270,(anonymous_4)
FNF:5
FNH:0
FNDA:0,validateUsername
FNDA:0,validateEmail
FNDA:0,validatePassword
FNDA:0,(anonymous_3)
FNDA:0,(anonymous_4)
DA:14,1
DA:15,1
DA:16,1
DA:17,1
DA:21,1
DA:22,1
DA:24,1
DA:36,0
DA:37,0
DA:40,0
DA:42,0
DA:43,0
DA:47,0
DA:48,0
DA:54,0
DA:63,0
DA:64,0
DA:67,0
DA:69,0
DA:70,0
DA:74,0
DA:75,0
DA:76,0
DA:79,0
DA:88,0
DA:89,0
DA:92,0
DA:93,0
DA:96,0
DA:112,1
DA:113,0
DA:114,0
DA:121,0
DA:122,0
DA:123,0
DA:130,0
DA:131,0
DA:132,0
DA:139,0
DA:140,0
DA:141,0
DA:148,0
DA:149,0
DA:152,0
DA:156,0
DA:166,0
DA:171,0
DA:172,0
DA:182,0
DA:186,0
DA:187,0
DA:197,0
DA:203,0
DA:208,0
DA:214,0
DA:220,0
DA:230,0
DA:232,0
DA:235,0
DA:236,0
DA:242,0
DA:249,0
DA:270,1
DA:271,0
DA:272,0
DA:279,0
DA:280,0
DA:287,0
DA:288,0
DA:295,0
DA:298,0
DA:299,0
DA:309,0
DA:315,0
DA:316,0
DA:322,0
DA:328,0
DA:329,0
DA:331,0
DA:332,0
DA:342,0
DA:348,0
DA:358,0
DA:360,0
DA:363,0
DA:374,1
LF:86
LH:10
BRDA:36,0,0,0
BRDA:36,0,1,0
BRDA:36,1,0,0
BRDA:36,1,1,0
BRDA:42,2,0,0
BRDA:42,2,1,0
BRDA:42,3,0,0
BRDA:42,3,1,0
BRDA:47,4,0,0
BRDA:47,4,1,0
BRDA:63,5,0,0
BRDA:63,5,1,0
BRDA:63,6,0,0
BRDA:63,6,1,0
BRDA:69,7,0,0
BRDA:69,7,1,0
BRDA:75,8,0,0
BRDA:75,8,1,0
BRDA:88,9,0,0
BRDA:88,9,1,0
BRDA:88,10,0,0
BRDA:88,10,1,0
BRDA:92,11,0,0
BRDA:92,11,1,0
BRDA:92,12,0,0
BRDA:92,12,1,0
BRDA:122,13,0,0
BRDA:122,13,1,0
BRDA:131,14,0,0
BRDA:131,14,1,0
BRDA:140,15,0,0
BRDA:140,15,1,0
BRDA:152,16,0,0
BRDA:152,16,1,0
BRDA:153,17,0,0
BRDA:153,17,1,0
BRDA:171,18,0,0
BRDA:171,18,1,0
BRDA:186,19,0,0
BRDA:186,19,1,0
BRDA:235,20,0,0
BRDA:235,20,1,0
BRDA:238,21,0,0
BRDA:238,21,1,0
BRDA:279,22,0,0
BRDA:279,22,1,0
BRDA:279,23,0,0
BRDA:279,23,1,0
BRDA:287,24,0,0
BRDA:287,24,1,0
BRDA:287,25,0,0
BRDA:287,25,1,0
BRDA:298,26,0,0
BRDA:298,26,1,0
BRDA:315,27,0,0
BRDA:315,27,1,0
BRDA:331,28,0,0
BRDA:331,28,1,0
BRF:58
BRH:0
end_of_record
TN:
SF:src\routes\cards.js
FN:40,validateCardName
FN:59,validatePassword
FN:98,(anonymous_2)
FN:127,(anonymous_3)
FN:128,(anonymous_4)
FN:131,(anonymous_5)
FN:213,(anonymous_6)
FN:299,(anonymous_7)
FN:425,(anonymous_8)
FN:548,(anonymous_9)
FN:648,(anonymous_10)
FN:790,(anonymous_11)
FNF:12
FNH:0
FNDA:0,validateCardName
FNDA:0,validatePassword
FNDA:0,(anonymous_2)
FNDA:0,(anonymous_3)
FNDA:0,(anonymous_4)
FNDA:0,(anonymous_5)
FNDA:0,(anonymous_6)
FNDA:0,(anonymous_7)
FNDA:0,(anonymous_8)
FNDA:0,(anonymous_9)
FNDA:0,(anonymous_10)
FNDA:0,(anonymous_11)
DA:17,1
DA:18,1
DA:19,1
DA:20,1
DA:21,1
DA:22,1
DA:23,1
DA:24,1
DA:28,1
DA:29,1
DA:41,0
DA:42,0
DA:45,0
DA:47,0
DA:48,0
DA:51,0
DA:60,0
DA:61,0
DA:64,0
DA:65,0
DA:68,0
DA:98,1
DA:99,0
DA:100,0
DA:103,0
DA:104,0
DA:105,0
DA:112,0
DA:122,0
DA:124,0
DA:125,0
DA:127,0
DA:128,0
DA:131,0
DA:132,0
DA:136,0
DA:137,0
DA:142,0
DA:145,0
DA:150,0
DA:151,0
DA:154,0
DA:162,0
DA:165,0
DA:168,0
DA:179,0
DA:180,0
DA:213,1
DA:214,0
DA:215,0
DA:216,0
DA:222,0
DA:223,0
DA:233,0
DA:245,0
DA:251,0
DA:252,0
DA:262,0
DA:267,0
DA:268,0
DA:299,1
DA:300,0
DA:301,0
DA:302,0
DA:309,0
DA:310,0
DA:311,0
DA:318,0
DA:319,0
DA:320,0
DA:327,0
DA:330,0
DA:331,0
DA:341,0
DA:347,0
DA:353,0
DA:359,0
DA:370,0
DA:377,0
DA:383,0
DA:386,0
DA:387,0
DA:394,0
DA:425,1
DA:426,0
DA:427,0
DA:428,0
DA:429,0
DA:435,0
DA:436,0
DA:447,0
DA:448,0
DA:449,0
DA:456,0
DA:459,0
DA:460,0
DA:470,0
DA:476,0
DA:481,0
DA:482,0
DA:492,0
DA:498,0
DA:504,0
DA:509,0
DA:519,0
DA:522,0
DA:548,1
DA:549,0
DA:550,0
DA:551,0
DA:557,0
DA:558,0
DA:568,0
DA:574,0
DA:579,0
DA:580,0
DA:590,0
DA:595,0
DA:601,0
DA:606,0
DA:613,0
DA:616,0
DA:648,1
DA:649,0
DA:650,0
DA:651,0
DA:652,0
DA:658,0
DA:659,0
DA:670,0
DA:671,0
DA:672,0
DA:682,0
DA:688,0
DA:693,0
DA:694,0
DA:704,0
DA:710,0
DA:716,0
DA:722,0
DA:740,0
DA:746,0
DA:753,0
DA:756,0
DA:790,1
DA:791,0
DA:792,0
DA:793,0
DA:794,0
DA:800,0
DA:801,0
DA:811,0
DA:817,0
DA:822,0
DA:823,0
DA:834,0
DA:835,0
DA:840,0
DA:850,0
DA:856,0
DA:862,0
DA:868,0
DA:879,0
DA:886,0
DA:893,0
DA:896,0
DA:907,1
LF:167
LH:18
BRDA:41,0,0,0
BRDA:41,0,1,0
BRDA:41,1,0,0
BRDA:41,1,1,0
BRDA:47,2,0,0
BRDA:47,2,1,0
BRDA:47,3,0,0
BRDA:47,3,1,0
BRDA:60,4,0,0
BRDA:60,4,1,0
BRDA:60,5,0,0
BRDA:60,5,1,0
BRDA:64,6,0,0
BRDA:64,6,1,0
BRDA:64,7,0,0
BRDA:64,7,1,0
BRDA:103,8,0,0
BRDA:103,8,1,0
BRDA:104,9,0,0
BRDA:104,9,1,0
BRDA:124,10,0,0
BRDA:124,10,1,0
BRDA:136,11,0,0
BRDA:136,11,1,0
BRDA:222,12,0,0
BRDA:222,12,1,0
BRDA:222,13,0,0
BRDA:222,13,1,0
BRDA:251,14,0,0
BRDA:251,14,1,0
BRDA:310,15,0,0
BRDA:310,15,1,0
BRDA:319,16,0,0
BRDA:319,16,1,0
BRDA:330,17,0,0
BRDA:330,17,1,0
BRDA:386,18,0,0
BRDA:386,18,1,0
BRDA:435,19,0,0
BRDA:435,19,1,0
BRDA:435,20,0,0
BRDA:435,20,1,0
BRDA:448,21,0,0
BRDA:448,21,1,0
BRDA:459,22,0,0
BRDA:459,22,1,0
BRDA:481,23,0,0
BRDA:481,23,1,0
BRDA:557,24,0,0
BRDA:557,24,1,0
BRDA:557,25,0,0
BRDA:557,25,1,0
BRDA:579,26,0,0
BRDA:579,26,1,0
BRDA:658,27,0,0
BRDA:658,27,1,0
BRDA:658,28,0,0
BRDA:658,28,1,0
BRDA:671,29,0,0
BRDA:671,29,1,0
BRDA:693,30,0,0
BRDA:693,30,1,0
BRDA:800,31,0,0
BRDA:800,31,1,0
BRDA:800,32,0,0
BRDA:800,32,1,0
BRDA:822,33,0,0
BRDA:822,33,1,0
BRDA:836,34,0,0
BRDA:836,34,1,0
BRF:70
BRH:0
end_of_record
TN:
SF:src\routes\verify.js
FN:36,validateCardId
FN:56,validatePassword
FN:119,(anonymous_2)
FN:251,(anonymous_3)
FNF:4
FNH:0
FNDA:0,validateCardId
FNDA:0,validatePassword
FNDA:0,(anonymous_2)
FNDA:0,(anonymous_3)
DA:15,1
DA:16,1
DA:17,1
DA:18,1
DA:19,1
DA:20,1
DA:24,1
DA:25,1
DA:37,0
DA:38,0
DA:41,0
DA:44,0
DA:45,0
DA:48,0
DA:57,0
DA:58,0
DA:61,0
DA:62,0
DA:65,0
DA:119,1
DA:120,0
DA:121,0
DA:128,0
DA:129,0
DA:130,0
DA:137,0
DA:138,0
DA:139,0
DA:146,0
DA:149,0
DA:150,0
DA:160,0
DA:171,0
DA:174,0
DA:175,0
DA:181,0
DA:187,0
DA:193,0
DA:195,0
DA:196,0
DA:197,0
DA:207,0
DA:209,0
DA:214,0
DA:217,0
DA:251,1
DA:252,0
DA:253,0
DA:259,0
DA:260,0
DA:261,0
DA:268,0
DA:271,0
DA:272,0
DA:282,0
DA:288,0
DA:291,0
DA:292,0
DA:293,0
DA:294,0
DA:300,0
DA:306,0
DA:307,0
DA:312,0
DA:316,0
DA:319,0
DA:330,1
LF:67
LH:11
BRDA:37,0,0,0
BRDA:37,0,1,0
BRDA:37,1,0,0
BRDA:37,1,1,0
BRDA:44,2,0,0
BRDA:44,2,1,0
BRDA:57,3,0,0
BRDA:57,3,1,0
BRDA:57,4,0,0
BRDA:57,4,1,0
BRDA:61,5,0,0
BRDA:61,5,1,0
BRDA:61,6,0,0
BRDA:61,6,1,0
BRDA:129,7,0,0
BRDA:129,7,1,0
BRDA:138,8,0,0
BRDA:138,8,1,0
BRDA:149,9,0,0
BRDA:149,9,1,0
BRDA:174,10,0,0
BRDA:174,10,1,0
BRDA:195,11,0,0
BRDA:195,11,1,0
BRDA:260,12,0,0
BRDA:260,12,1,0
BRDA:271,13,0,0
BRDA:271,13,1,0
BRDA:291,14,0,0
BRDA:291,14,1,0
BRF:30
BRH:0
end_of_record
TN:
SF:src\utils\cardId.js
FN:44,generateCardId
FN:72,cardIdExists
FN:105,generateUniqueCardId
FN:158,validateCardIdFormat
FNF:4
FNH:0
FNDA:0,generateCardId
FNDA:0,cardIdExists
FNDA:0,generateUniqueCardId
FNDA:0,validateCardIdFormat
DA:15,1
DA:21,1
DA:22,1
DA:23,1
DA:47,0
DA:49,0
DA:52,0
DA:53,0
DA:57,0
DA:59,0
DA:60,0
DA:63,0
DA:73,0
DA:74,0
DA:79,0
DA:81,0
DA:82,0
DA:106,0
DA:108,0
DA:109,0
DA:112,0
DA:115,0
DA:117,0
DA:119,0
DA:122,0
DA:126,0
DA:132,0
DA:133,0
DA:134,0
DA:160,0
DA:161,0
DA:165,0
DA:166,0
DA:170,0
DA:171,0
DA:175,0
DA:176,0
DA:179,0
DA:186,1
LF:39
LH:5
BRDA:57,0,0,0
BRDA:57,0,1,0
BRDA:117,1,0,0
BRDA:117,1,1,0
BRDA:160,2,0,0
BRDA:160,2,1,0
BRDA:165,3,0,0
BRDA:165,3,1,0
BRDA:165,4,0,0
BRDA:165,4,1,0
BRDA:170,5,0,0
BRDA:170,5,1,0
BRDA:175,6,0,0
BRDA:175,6,1,0
BRF:14
BRH:0
end_of_record
TN:
SF:src\utils\crypto.js
FN:24,hashPassword
FN:58,verifyPassword
FNF:2
FNH:0
FNDA:0,hashPassword
FNDA:0,verifyPassword
DA:8,1
DA:11,1
DA:26,0
DA:27,0
DA:30,0
DA:31,0
DA:34,0
DA:36,0
DA:37,0
DA:39,0
DA:40,0
DA:60,0
DA:61,0
DA:64,0
DA:65,0
DA:68,0
DA:70,0
DA:71,0
DA:73,0
DA:74,0
DA:78,1
LF:21
LH:3
BRDA:26,0,0,0
BRDA:26,0,1,0
BRDA:26,1,0,0
BRDA:26,1,1,0
BRDA:30,2,0,0
BRDA:30,2,1,0
BRDA:30,3,0,0
BRDA:30,3,1,0
BRDA:60,4,0,0
BRDA:60,4,1,0
BRDA:60,5,0,0
BRDA:60,5,1,0
BRDA:64,6,0,0
BRDA:64,6,1,0
BRDA:64,7,0,0
BRDA:64,7,1,0
BRF:16
BRH:0
end_of_record
TN:
SF:src\utils\jwt.js
FN:14,generateToken
FN:32,verifyToken
FN:33,(anonymous_2)
FN:34,(anonymous_3)
FN:50,verifyTokenSync
FNF:5
FNH:0
FNDA:0,generateToken
FNDA:0,verifyToken
FNDA:0,(anonymous_2)
FNDA:0,(anonymous_3)
FNDA:0,verifyTokenSync
DA:6,1
DA:15,0
DA:21,0
DA:33,0
DA:34,0
DA:35,0
DA:36,0
DA:38,0
DA:51,0
DA:54,1
LF:10
LH:2
BRDA:35,0,0,0
BRDA:35,0,1,0
BRF:2
BRH:0
end_of_record
TN:
SF:src\utils\logger.js
FN:51,ensureLogDirectory
FN:72,(anonymous_1)
FN:103,sanitizeMetadata
FN:125,filterSensitive
FN:136,(anonymous_4)
FN:226,logAuthAttempt
FN:254,logPasswordVerification
FN:290,logPasswordUpdate
FN:313,logDatabaseError
FN:337,logApiError
FN:360,logInfo
FN:372,logWarn
FN:384,logError
FNF:13
FNH:7
FNDA:1,ensureLogDirectory
FNDA:16,(anonymous_1)
FNDA:12,sanitizeMetadata
FNDA:16,filterSensitive
FNDA:1064,(anonymous_4)
FNDA:0,logAuthAttempt
FNDA:0,logPasswordVerification
FNDA:0,logPasswordUpdate
FNDA:5,logDatabaseError
FNDA:0,logApiError
FNDA:3,logInfo
FNDA:0,logWarn
FNDA:0,logError
DA:21,1
DA:22,1
DA:23,1
DA:30,1
DA:31,1
DA:34,1
DA:35,1
DA:36,1
DA:39,1
DA:40,1
DA:41,1
DA:42,1
DA:52,1
DA:53,0
DA:57,1
DA:67,1
DA:73,16
DA:76,16
DA:79,16
DA:81,12
DA:82,12
DA:85,16
DA:104,12
DA:107,12
DA:126,16
DA:127,0
DA:130,16
DA:132,16
DA:133,76
DA:136,1064
DA:137,0
DA:138,76
DA:139,4
DA:141,72
DA:145,16
DA:148,12
DA:168,1
DA:227,0
DA:235,0
DA:236,0
DA:239,0
DA:240,0
DA:242,0
DA:260,0
DA:267,0
DA:268,0
DA:271,0
DA:272,0
DA:275,0
DA:276,0
DA:278,0
DA:291,0
DA:300,0
DA:314,5
DA:325,5
DA:338,0
DA:348,0
DA:349,0
DA:352,0
DA:361,3
DA:373,0
DA:385,0
DA:389,0
DA:390,0
DA:391,0
DA:393,0
DA:396,0
DA:403,1
LF:68
LH:38
BRDA:30,0,0,1
BRDA:30,0,1,1
BRDA:31,1,0,1
BRDA:31,1,1,0
BRDA:34,2,0,1
BRDA:34,2,1,1
BRDA:35,3,0,1
BRDA:35,3,1,1
BRDA:36,4,0,1
BRDA:36,4,1,1
BRDA:52,5,0,0
BRDA:52,5,1,1
BRDA:79,6,0,12
BRDA:79,6,1,4
BRDA:126,7,0,0
BRDA:126,7,1,16
BRDA:126,8,0,16
BRDA:126,8,1,16
BRDA:130,9,0,4
BRDA:130,9,1,12
BRDA:136,10,0,0
BRDA:136,10,1,76
BRDA:138,11,0,4
BRDA:138,11,1,72
BRDA:138,12,0,76
BRDA:138,12,1,4
BRDA:226,13,0,0
BRDA:235,14,0,0
BRDA:235,14,1,0
BRDA:235,15,0,0
BRDA:235,15,1,0
BRDA:239,16,0,0
BRDA:239,16,1,0
BRDA:257,17,0,0
BRDA:258,18,0,0
BRDA:267,19,0,0
BRDA:267,19,1,0
BRDA:271,20,0,0
BRDA:271,20,1,0
BRDA:271,21,0,0
BRDA:271,21,1,0
BRDA:275,22,0,0
BRDA:275,22,1,0
BRDA:313,23,0,3
BRDA:337,24,0,0
BRDA:343,25,0,0
BRDA:343,25,1,0
BRDA:348,26,0,0
BRDA:348,26,1,0
BRDA:360,27,0,2
BRDA:372,28,0,0
BRDA:384,29,0,0
BRDA:389,30,0,0
BRDA:389,30,1,0
BRF:54
BRH:24
end_of_record
TN:
SF:src\utils\passwordGenerator.js
FN:20,generateRandomPassword
FNF:1
FNH:0
FNDA:0,generateRandomPassword
DA:21,0
DA:24,0
DA:25,0
DA:29,0
DA:30,0
DA:31,0
DA:32,0
DA:35,0
DA:36,0
DA:37,0
DA:41,0
DA:44,0
DA:47,0
DA:50,0
DA:53,0
DA:54,0
DA:58,0
DA:59,0
DA:60,0
DA:64,0
DA:65,0
DA:66,0
DA:67,0
DA:70,0
DA:73,1
LF:25
LH:1
BRDA:20,0,0,0
BRDA:21,1,0,0
BRDA:21,2,0,0
BRDA:24,3,0,0
BRDA:24,3,1,0
BRDA:24,4,0,0
BRDA:24,4,1,0
BRDA:24,4,2,0
BRDA:36,5,0,0
BRDA:36,5,1,0
BRDA:53,6,0,0
BRDA:53,6,1,0
BRF:12
BRH:0
end_of_record
TN:
SF:src\utils\sanitize.js
FN:49,sanitizeXSS
FN:68,sanitizeObject
FN:113,isPathSafe
FN:149,sanitizePath
FN:180,hasNoSQLInjection
FN:218,normalizeString
FN:236,sanitizeAndNormalize
FNF:7
FNH:0
FNDA:0,sanitizeXSS
FNDA:0,sanitizeObject
FNDA:0,isPathSafe
FNDA:0,sanitizePath
FNDA:0,hasNoSQLInjection
FNDA:0,normalizeString
FNDA:0,sanitizeAndNormalize
DA:14,1
DA:26,1
DA:50,0
DA:51,0
DA:55,0
DA:69,0
DA:70,0
DA:73,0
DA:75,0
DA:76,0
DA:77,0
DA:79,0
DA:80,0
DA:81,0
DA:82,0
DA:84,0
DA:89,0
DA:114,0
DA:115,0
DA:119,0
DA:130,0
DA:131,0
DA:132,0
DA:136,0
DA:150,0
DA:151,0
DA:155,0
DA:181,0
DA:182,0
DA:186,0
DA:199,0
DA:200,0
DA:201,0
DA:205,0
DA:219,0
DA:220,0
DA:223,0
DA:237,0
DA:238,0
DA:242,0
DA:243,0
DA:250,1
LF:42
LH:3
BRDA:50,0,0,0
BRDA:50,0,1,0
BRDA:69,1,0,0
BRDA:69,1,1,0
BRDA:69,2,0,0
BRDA:69,2,1,0
BRDA:76,3,0,0
BRDA:76,3,1,0
BRDA:79,4,0,0
BRDA:79,4,1,0
BRDA:81,5,0,0
BRDA:81,5,1,0
BRDA:81,6,0,0
BRDA:81,6,1,0
BRDA:114,7,0,0
BRDA:114,7,1,0
BRDA:131,8,0,0
BRDA:131,8,1,0
BRDA:150,9,0,0
BRDA:150,9,1,0
BRDA:181,10,0,0
BRDA:181,10,1,0
BRDA:200,11,0,0
BRDA:200,11,1,0
BRDA:219,12,0,0
BRDA:219,12,1,0
BRDA:237,13,0,0
BRDA:237,13,1,0
BRF:28
BRH:0
end_of_record
