{"G:\\酒馆编写参考\\anti-theft-server\\src\\db\\connection.js": {"path":"G:\\酒馆编写参考\\anti-theft-server\\src\\db\\connection.js","statementMap":{"0":{"start":{"line":17,"column":0},"end":{"line":17,"column":27}},"1":{"start":{"line":18,"column":14},"end":{"line":18,"column":39}},"2":{"start":{"line":19,"column":48},"end":{"line":19,"column":74}},"3":{"start":{"line":25,"column":20},"end":{"line":25,"column":21}},"4":{"start":{"line":26,"column":23},"end":{"line":26,"column":27}},"5":{"start":{"line":37,"column":17},"end":{"line":104,"column":3}},"6":{"start":{"line":107,"column":25},"end":{"line":107,"column":45}},"7":{"start":{"line":108,"column":24},"end":{"line":108,"column":72}},"8":{"start":{"line":108,"column":57},"end":{"line":108,"column":71}},"9":{"start":{"line":110,"column":2},"end":{"line":117,"column":3}},"10":{"start":{"line":111,"column":24},"end":{"line":115,"column":6}},"11":{"start":{"line":113,"column":6},"end":{"line":113,"column":45}},"12":{"start":{"line":113,"column":28},"end":{"line":113,"column":45}},"13":{"start":{"line":114,"column":6},"end":{"line":114,"column":37}},"14":{"start":{"line":116,"column":4},"end":{"line":116,"column":65}},"15":{"start":{"line":119,"column":2},"end":{"line":119,"column":16}},"16":{"start":{"line":126,"column":11},"end":{"line":126,"column":15}},"17":{"start":{"line":127,"column":18},"end":{"line":127,"column":23}},"18":{"start":{"line":134,"column":2},"end":{"line":156,"column":3}},"19":{"start":{"line":135,"column":19},"end":{"line":135,"column":38}},"20":{"start":{"line":137,"column":4},"end":{"line":142,"column":7}},"21":{"start":{"line":144,"column":4},"end":{"line":144,"column":36}},"22":{"start":{"line":147,"column":4},"end":{"line":147,"column":27}},"23":{"start":{"line":149,"column":4},"end":{"line":149,"column":23}},"24":{"start":{"line":150,"column":4},"end":{"line":150,"column":26}},"25":{"start":{"line":152,"column":4},"end":{"line":152,"column":16}},"26":{"start":{"line":154,"column":4},"end":{"line":154,"column":40}},"27":{"start":{"line":155,"column":4},"end":{"line":155,"column":16}},"28":{"start":{"line":164,"column":2},"end":{"line":166,"column":3}},"29":{"start":{"line":165,"column":4},"end":{"line":165,"column":31}},"30":{"start":{"line":168,"column":2},"end":{"line":176,"column":3}},"31":{"start":{"line":169,"column":23},"end":{"line":169,"column":49}},"32":{"start":{"line":170,"column":4},"end":{"line":170,"column":28}},"33":{"start":{"line":171,"column":4},"end":{"line":171,"column":25}},"34":{"start":{"line":172,"column":4},"end":{"line":172,"column":25}},"35":{"start":{"line":174,"column":4},"end":{"line":174,"column":39}},"36":{"start":{"line":175,"column":4},"end":{"line":175,"column":16}},"37":{"start":{"line":185,"column":18},"end":{"line":185,"column":22}},"38":{"start":{"line":187,"column":2},"end":{"line":205,"column":3}},"39":{"start":{"line":187,"column":21},"end":{"line":187,"column":22}},"40":{"start":{"line":188,"column":4},"end":{"line":204,"column":5}},"41":{"start":{"line":189,"column":6},"end":{"line":189,"column":53}},"42":{"start":{"line":191,"column":19},"end":{"line":191,"column":37}},"43":{"start":{"line":193,"column":6},"end":{"line":193,"column":56}},"44":{"start":{"line":194,"column":6},"end":{"line":194,"column":18}},"45":{"start":{"line":196,"column":6},"end":{"line":196,"column":24}},"46":{"start":{"line":197,"column":6},"end":{"line":197,"column":69}},"47":{"start":{"line":200,"column":6},"end":{"line":203,"column":7}},"48":{"start":{"line":201,"column":8},"end":{"line":201,"column":52}},"49":{"start":{"line":202,"column":8},"end":{"line":202,"column":36}},"50":{"start":{"line":208,"column":2},"end":{"line":208,"column":59}},"51":{"start":{"line":209,"column":2},"end":{"line":211,"column":4}},"52":{"start":{"line":220,"column":2},"end":{"line":220,"column":59}},"53":{"start":{"line":220,"column":34},"end":{"line":220,"column":57}},"54":{"start":{"line":233,"column":2},"end":{"line":235,"column":3}},"55":{"start":{"line":234,"column":4},"end":{"line":234,"column":61}},"56":{"start":{"line":236,"column":2},"end":{"line":236,"column":14}},"57":{"start":{"line":244,"column":2},"end":{"line":244,"column":38}},"58":{"start":{"line":254,"column":2},"end":{"line":263,"column":3}},"59":{"start":{"line":255,"column":19},"end":{"line":255,"column":50}},"60":{"start":{"line":256,"column":4},"end":{"line":256,"column":16}},"61":{"start":{"line":258,"column":4},"end":{"line":261,"column":7}},"62":{"start":{"line":262,"column":4},"end":{"line":262,"column":16}},"63":{"start":{"line":272,"column":21},"end":{"line":272,"column":47}},"64":{"start":{"line":274,"column":2},"end":{"line":287,"column":3}},"65":{"start":{"line":275,"column":4},"end":{"line":275,"column":40}},"66":{"start":{"line":277,"column":19},"end":{"line":277,"column":45}},"67":{"start":{"line":279,"column":4},"end":{"line":279,"column":30}},"68":{"start":{"line":280,"column":4},"end":{"line":280,"column":18}},"69":{"start":{"line":282,"column":4},"end":{"line":282,"column":32}},"70":{"start":{"line":283,"column":4},"end":{"line":283,"column":42}},"71":{"start":{"line":284,"column":4},"end":{"line":284,"column":16}},"72":{"start":{"line":286,"column":4},"end":{"line":286,"column":25}},"73":{"start":{"line":299,"column":2},"end":{"line":310,"column":3}},"74":{"start":{"line":300,"column":4},"end":{"line":309,"column":5}},"75":{"start":{"line":301,"column":6},"end":{"line":301,"column":28}},"76":{"start":{"line":302,"column":6},"end":{"line":302,"column":23}},"77":{"start":{"line":303,"column":6},"end":{"line":303,"column":18}},"78":{"start":{"line":304,"column":6},"end":{"line":304,"column":26}},"79":{"start":{"line":305,"column":6},"end":{"line":305,"column":27}},"80":{"start":{"line":307,"column":6},"end":{"line":307,"column":42}},"81":{"start":{"line":308,"column":6},"end":{"line":308,"column":18}},"82":{"start":{"line":323,"column":2},"end":{"line":348,"column":3}},"83":{"start":{"line":324,"column":4},"end":{"line":330,"column":5}},"84":{"start":{"line":325,"column":6},"end":{"line":329,"column":8}},"85":{"start":{"line":332,"column":23},"end":{"line":332,"column":49}},"86":{"start":{"line":333,"column":4},"end":{"line":333,"column":28}},"87":{"start":{"line":334,"column":4},"end":{"line":334,"column":25}},"88":{"start":{"line":336,"column":4},"end":{"line":341,"column":6}},"89":{"start":{"line":343,"column":4},"end":{"line":347,"column":6}},"90":{"start":{"line":356,"column":2},"end":{"line":358,"column":3}},"91":{"start":{"line":357,"column":4},"end":{"line":357,"column":16}},"92":{"start":{"line":360,"column":2},"end":{"line":394,"column":3}},"93":{"start":{"line":362,"column":23},"end":{"line":362,"column":39}},"94":{"start":{"line":363,"column":22},"end":{"line":363,"column":31}},"95":{"start":{"line":365,"column":4},"end":{"line":390,"column":6}},"96":{"start":{"line":392,"column":4},"end":{"line":392,"column":35}},"97":{"start":{"line":393,"column":4},"end":{"line":393,"column":16}},"98":{"start":{"line":403,"column":2},"end":{"line":424,"column":17}},"99":{"start":{"line":404,"column":18},"end":{"line":404,"column":32}},"100":{"start":{"line":405,"column":4},"end":{"line":423,"column":5}},"101":{"start":{"line":406,"column":6},"end":{"line":406,"column":30}},"102":{"start":{"line":409,"column":6},"end":{"line":414,"column":7}},"103":{"start":{"line":410,"column":8},"end":{"line":413,"column":11}},"104":{"start":{"line":417,"column":6},"end":{"line":422,"column":7}},"105":{"start":{"line":418,"column":8},"end":{"line":421,"column":11}},"106":{"start":{"line":431,"column":0},"end":{"line":451,"column":2}}},"fnMap":{"0":{"name":"getDatabaseConfig","decl":{"start":{"line":36,"column":9},"end":{"line":36,"column":26}},"loc":{"start":{"line":36,"column":29},"end":{"line":120,"column":1}},"line":36},"1":{"name":"(anonymous_1)","decl":{"start":{"line":108,"column":46},"end":{"line":108,"column":47}},"loc":{"start":{"line":108,"column":57},"end":{"line":108,"column":71}},"line":108},"2":{"name":"(anonymous_2)","decl":{"start":{"line":111,"column":42},"end":{"line":111,"column":43}},"loc":{"start":{"line":111,"column":49},"end":{"line":115,"column":5}},"line":111},"3":{"name":"createPool","decl":{"start":{"line":133,"column":15},"end":{"line":133,"column":25}},"loc":{"start":{"line":133,"column":28},"end":{"line":157,"column":1}},"line":133},"4":{"name":"testConnection","decl":{"start":{"line":163,"column":15},"end":{"line":163,"column":29}},"loc":{"start":{"line":163,"column":32},"end":{"line":177,"column":1}},"line":163},"5":{"name":"initializeWithRetry","decl":{"start":{"line":184,"column":15},"end":{"line":184,"column":34}},"loc":{"start":{"line":184,"column":37},"end":{"line":212,"column":1}},"line":184},"6":{"name":"sleep","decl":{"start":{"line":219,"column":9},"end":{"line":219,"column":14}},"loc":{"start":{"line":219,"column":19},"end":{"line":221,"column":1}},"line":219},"7":{"name":"(anonymous_7)","decl":{"start":{"line":220,"column":21},"end":{"line":220,"column":22}},"loc":{"start":{"line":220,"column":34},"end":{"line":220,"column":57}},"line":220},"8":{"name":"getPool","decl":{"start":{"line":232,"column":9},"end":{"line":232,"column":16}},"loc":{"start":{"line":232,"column":19},"end":{"line":237,"column":1}},"line":232},"9":{"name":"isConnectionActive","decl":{"start":{"line":243,"column":9},"end":{"line":243,"column":27}},"loc":{"start":{"line":243,"column":30},"end":{"line":245,"column":1}},"line":243},"10":{"name":"query","decl":{"start":{"line":253,"column":15},"end":{"line":253,"column":20}},"loc":{"start":{"line":253,"column":39},"end":{"line":264,"column":1}},"line":253},"11":{"name":"transaction","decl":{"start":{"line":271,"column":15},"end":{"line":271,"column":26}},"loc":{"start":{"line":271,"column":37},"end":{"line":288,"column":1}},"line":271},"12":{"name":"closePool","decl":{"start":{"line":298,"column":15},"end":{"line":298,"column":24}},"loc":{"start":{"line":298,"column":27},"end":{"line":311,"column":1}},"line":298},"13":{"name":"healthCheck","decl":{"start":{"line":322,"column":15},"end":{"line":322,"column":26}},"loc":{"start":{"line":322,"column":29},"end":{"line":349,"column":1}},"line":322},"14":{"name":"getPoolStats","decl":{"start":{"line":355,"column":9},"end":{"line":355,"column":21}},"loc":{"start":{"line":355,"column":24},"end":{"line":395,"column":1}},"line":355},"15":{"name":"startPoolMonitoring","decl":{"start":{"line":402,"column":9},"end":{"line":402,"column":28}},"loc":{"start":{"line":402,"column":49},"end":{"line":425,"column":1}},"line":402},"16":{"name":"(anonymous_16)","decl":{"start":{"line":403,"column":21},"end":{"line":403,"column":22}},"loc":{"start":{"line":403,"column":27},"end":{"line":424,"column":3}},"line":403}},"branchMap":{"0":{"loc":{"start":{"line":38,"column":10},"end":{"line":38,"column":44}},"type":"binary-expr","locations":[{"start":{"line":38,"column":10},"end":{"line":38,"column":29}},{"start":{"line":38,"column":33},"end":{"line":38,"column":44}}],"line":38},"1":{"loc":{"start":{"line":39,"column":10},"end":{"line":39,"column":47}},"type":"binary-expr","locations":[{"start":{"line":39,"column":10},"end":{"line":39,"column":39}},{"start":{"line":39,"column":43},"end":{"line":39,"column":47}}],"line":39},"2":{"loc":{"start":{"line":41,"column":14},"end":{"line":41,"column":43}},"type":"binary-expr","locations":[{"start":{"line":41,"column":14},"end":{"line":41,"column":37}},{"start":{"line":41,"column":41},"end":{"line":41,"column":43}}],"line":41},"3":{"loc":{"start":{"line":55,"column":21},"end":{"line":55,"column":68}},"type":"binary-expr","locations":[{"start":{"line":55,"column":21},"end":{"line":55,"column":62}},{"start":{"line":55,"column":66},"end":{"line":55,"column":68}}],"line":55},"4":{"loc":{"start":{"line":59,"column":16},"end":{"line":59,"column":57}},"type":"binary-expr","locations":[{"start":{"line":59,"column":16},"end":{"line":59,"column":52}},{"start":{"line":59,"column":56},"end":{"line":59,"column":57}}],"line":59},"5":{"loc":{"start":{"line":63,"column":17},"end":{"line":63,"column":64}},"type":"binary-expr","locations":[{"start":{"line":63,"column":17},"end":{"line":63,"column":54}},{"start":{"line":63,"column":58},"end":{"line":63,"column":64}}],"line":63},"6":{"loc":{"start":{"line":66,"column":20},"end":{"line":66,"column":69}},"type":"binary-expr","locations":[{"start":{"line":66,"column":20},"end":{"line":66,"column":60}},{"start":{"line":66,"column":64},"end":{"line":66,"column":69}}],"line":66},"7":{"loc":{"start":{"line":69,"column":20},"end":{"line":69,"column":69}},"type":"binary-expr","locations":[{"start":{"line":69,"column":20},"end":{"line":69,"column":60}},{"start":{"line":69,"column":64},"end":{"line":69,"column":69}}],"line":69},"8":{"loc":{"start":{"line":72,"column":13},"end":{"line":72,"column":60}},"type":"binary-expr","locations":[{"start":{"line":72,"column":13},"end":{"line":72,"column":51}},{"start":{"line":72,"column":55},"end":{"line":72,"column":60}}],"line":72},"9":{"loc":{"start":{"line":110,"column":2},"end":{"line":117,"column":3}},"type":"if","locations":[{"start":{"line":110,"column":2},"end":{"line":117,"column":3}},{"start":{},"end":{}}],"line":110},"10":{"loc":{"start":{"line":113,"column":6},"end":{"line":113,"column":45}},"type":"if","locations":[{"start":{"line":113,"column":6},"end":{"line":113,"column":45}},{"start":{},"end":{}}],"line":113},"11":{"loc":{"start":{"line":164,"column":2},"end":{"line":166,"column":3}},"type":"if","locations":[{"start":{"line":164,"column":2},"end":{"line":166,"column":3}},{"start":{},"end":{}}],"line":164},"12":{"loc":{"start":{"line":200,"column":6},"end":{"line":203,"column":7}},"type":"if","locations":[{"start":{"line":200,"column":6},"end":{"line":203,"column":7}},{"start":{},"end":{}}],"line":200},"13":{"loc":{"start":{"line":233,"column":2},"end":{"line":235,"column":3}},"type":"if","locations":[{"start":{"line":233,"column":2},"end":{"line":235,"column":3}},{"start":{},"end":{}}],"line":233},"14":{"loc":{"start":{"line":244,"column":9},"end":{"line":244,"column":37}},"type":"binary-expr","locations":[{"start":{"line":244,"column":9},"end":{"line":244,"column":20}},{"start":{"line":244,"column":24},"end":{"line":244,"column":37}}],"line":244},"15":{"loc":{"start":{"line":253,"column":26},"end":{"line":253,"column":37}},"type":"default-arg","locations":[{"start":{"line":253,"column":35},"end":{"line":253,"column":37}}],"line":253},"16":{"loc":{"start":{"line":299,"column":2},"end":{"line":310,"column":3}},"type":"if","locations":[{"start":{"line":299,"column":2},"end":{"line":310,"column":3}},{"start":{},"end":{}}],"line":299},"17":{"loc":{"start":{"line":324,"column":4},"end":{"line":330,"column":5}},"type":"if","locations":[{"start":{"line":324,"column":4},"end":{"line":330,"column":5}},{"start":{},"end":{}}],"line":324},"18":{"loc":{"start":{"line":356,"column":2},"end":{"line":358,"column":3}},"type":"if","locations":[{"start":{"line":356,"column":2},"end":{"line":358,"column":3}},{"start":{},"end":{}}],"line":356},"19":{"loc":{"start":{"line":371,"column":24},"end":{"line":373,"column":11}},"type":"cond-expr","locations":[{"start":{"line":372,"column":10},"end":{"line":372,"column":42}},{"start":{"line":373,"column":10},"end":{"line":373,"column":11}}],"line":371},"20":{"loc":{"start":{"line":374,"column":23},"end":{"line":376,"column":11}},"type":"cond-expr","locations":[{"start":{"line":375,"column":10},"end":{"line":375,"column":43}},{"start":{"line":376,"column":10},"end":{"line":376,"column":11}}],"line":374},"21":{"loc":{"start":{"line":377,"column":22},"end":{"line":379,"column":11}},"type":"cond-expr","locations":[{"start":{"line":378,"column":10},"end":{"line":378,"column":43}},{"start":{"line":379,"column":10},"end":{"line":379,"column":11}}],"line":377},"22":{"loc":{"start":{"line":383,"column":8},"end":{"line":389,"column":13}},"type":"cond-expr","locations":[{"start":{"line":384,"column":12},"end":{"line":388,"column":13}},{"start":{"line":389,"column":12},"end":{"line":389,"column":13}}],"line":383},"23":{"loc":{"start":{"line":385,"column":16},"end":{"line":385,"column":54}},"type":"binary-expr","locations":[{"start":{"line":385,"column":16},"end":{"line":385,"column":49}},{"start":{"line":385,"column":53},"end":{"line":385,"column":54}}],"line":385},"24":{"loc":{"start":{"line":402,"column":29},"end":{"line":402,"column":47}},"type":"default-arg","locations":[{"start":{"line":402,"column":42},"end":{"line":402,"column":47}}],"line":402},"25":{"loc":{"start":{"line":405,"column":4},"end":{"line":423,"column":5}},"type":"if","locations":[{"start":{"line":405,"column":4},"end":{"line":423,"column":5}},{"start":{},"end":{}}],"line":405},"26":{"loc":{"start":{"line":409,"column":6},"end":{"line":414,"column":7}},"type":"if","locations":[{"start":{"line":409,"column":6},"end":{"line":414,"column":7}},{"start":{},"end":{}}],"line":409},"27":{"loc":{"start":{"line":417,"column":6},"end":{"line":422,"column":7}},"type":"if","locations":[{"start":{"line":417,"column":6},"end":{"line":422,"column":7}},{"start":{},"end":{}}],"line":417}},"s":{"0":1,"1":1,"2":1,"3":1,"4":1,"5":1,"6":1,"7":1,"8":2,"9":1,"10":0,"11":0,"12":0,"13":0,"14":0,"15":1,"16":1,"17":1,"18":1,"19":1,"20":1,"21":1,"22":1,"23":0,"24":0,"25":0,"26":1,"27":1,"28":1,"29":0,"30":1,"31":1,"32":0,"33":0,"34":0,"35":1,"36":1,"37":1,"38":1,"39":1,"40":1,"41":1,"42":1,"43":0,"44":0,"45":1,"46":1,"47":1,"48":1,"49":1,"50":0,"51":0,"52":1,"53":1,"54":0,"55":0,"56":0,"57":0,"58":2,"59":2,"60":0,"61":2,"62":2,"63":0,"64":0,"65":0,"66":0,"67":0,"68":0,"69":0,"70":0,"71":0,"72":0,"73":0,"74":0,"75":0,"76":0,"77":0,"78":0,"79":0,"80":0,"81":0,"82":0,"83":0,"84":0,"85":0,"86":0,"87":0,"88":0,"89":0,"90":0,"91":0,"92":0,"93":0,"94":0,"95":0,"96":0,"97":0,"98":0,"99":0,"100":0,"101":0,"102":0,"103":0,"104":0,"105":0,"106":1},"f":{"0":1,"1":2,"2":0,"3":1,"4":1,"5":1,"6":1,"7":1,"8":0,"9":0,"10":2,"11":0,"12":0,"13":0,"14":0,"15":0,"16":0},"b":{"0":[1,0],"1":[1,0],"2":[1,1],"3":[1,1],"4":[1,1],"5":[1,1],"6":[1,1],"7":[1,1],"8":[1,1],"9":[0,1],"10":[0,0],"11":[0,1],"12":[1,0],"13":[0,0],"14":[0,0],"15":[2],"16":[0,0],"17":[0,0],"18":[0,0],"19":[0,0],"20":[0,0],"21":[0,0],"22":[0,0],"23":[0,0],"24":[0],"25":[0,0],"26":[0,0],"27":[0,0]},"_coverageSchema":"1a1c01bbd47fc00a2c39e90264f33305004495a9","hash":"da299282b9ad62aa49079faf0071a95db738ee94"}
,"G:\\酒馆编写参考\\anti-theft-server\\src\\middleware\\auth.js": {"path":"G:\\酒馆编写参考\\anti-theft-server\\src\\middleware\\auth.js","statementMap":{"0":{"start":{"line":6,"column":28},"end":{"line":6,"column":51}},"1":{"start":{"line":19,"column":21},"end":{"line":19,"column":49}},"2":{"start":{"line":22,"column":2},"end":{"line":27,"column":3}},"3":{"start":{"line":23,"column":4},"end":{"line":26,"column":7}},"4":{"start":{"line":30,"column":16},"end":{"line":32,"column":10}},"5":{"start":{"line":35,"column":2},"end":{"line":40,"column":3}},"6":{"start":{"line":36,"column":4},"end":{"line":39,"column":7}},"7":{"start":{"line":42,"column":2},"end":{"line":60,"column":3}},"8":{"start":{"line":44,"column":20},"end":{"line":44,"column":42}},"9":{"start":{"line":47,"column":4},"end":{"line":50,"column":6}},"10":{"start":{"line":53,"column":4},"end":{"line":53,"column":11}},"11":{"start":{"line":56,"column":4},"end":{"line":59,"column":7}},"12":{"start":{"line":63,"column":0},"end":{"line":65,"column":2}}},"fnMap":{"0":{"name":"authenticateToken","decl":{"start":{"line":17,"column":9},"end":{"line":17,"column":26}},"loc":{"start":{"line":17,"column":43},"end":{"line":61,"column":1}},"line":17}},"branchMap":{"0":{"loc":{"start":{"line":22,"column":2},"end":{"line":27,"column":3}},"type":"if","locations":[{"start":{"line":22,"column":2},"end":{"line":27,"column":3}},{"start":{},"end":{}}],"line":22},"1":{"loc":{"start":{"line":30,"column":16},"end":{"line":32,"column":10}},"type":"cond-expr","locations":[{"start":{"line":31,"column":6},"end":{"line":31,"column":29}},{"start":{"line":32,"column":6},"end":{"line":32,"column":10}}],"line":30},"2":{"loc":{"start":{"line":35,"column":2},"end":{"line":40,"column":3}},"type":"if","locations":[{"start":{"line":35,"column":2},"end":{"line":40,"column":3}},{"start":{},"end":{}}],"line":35}},"s":{"0":1,"1":0,"2":0,"3":0,"4":0,"5":0,"6":0,"7":0,"8":0,"9":0,"10":0,"11":0,"12":1},"f":{"0":0},"b":{"0":[0,0],"1":[0,0],"2":[0,0]},"_coverageSchema":"1a1c01bbd47fc00a2c39e90264f33305004495a9","hash":"d4d1a310224a118a85d20b5f5ff8905642311235"}
,"G:\\酒馆编写参考\\anti-theft-server\\src\\middleware\\errorHandler.js": {"path":"G:\\酒馆编写参考\\anti-theft-server\\src\\middleware\\errorHandler.js","statementMap":{"0":{"start":{"line":19,"column":2},"end":{"line":21,"column":3}},"1":{"start":{"line":20,"column":4},"end":{"line":20,"column":17}},"2":{"start":{"line":23,"column":28},"end":{"line":31,"column":3}},"3":{"start":{"line":33,"column":2},"end":{"line":33,"column":64}},"4":{"start":{"line":33,"column":45},"end":{"line":33,"column":62}},"5":{"start":{"line":42,"column":2},"end":{"line":44,"column":3}},"6":{"start":{"line":43,"column":4},"end":{"line":43,"column":15}},"7":{"start":{"line":46,"column":20},"end":{"line":46,"column":22}},"8":{"start":{"line":48,"column":2},"end":{"line":58,"column":3}},"9":{"start":{"line":50,"column":4},"end":{"line":57,"column":5}},"10":{"start":{"line":51,"column":6},"end":{"line":51,"column":36}},"11":{"start":{"line":52,"column":11},"end":{"line":57,"column":5}},"12":{"start":{"line":54,"column":6},"end":{"line":54,"column":45}},"13":{"start":{"line":56,"column":6},"end":{"line":56,"column":29}},"14":{"start":{"line":60,"column":2},"end":{"line":60,"column":19}},"15":{"start":{"line":69,"column":20},"end":{"line":69,"column":44}},"16":{"start":{"line":70,"column":17},"end":{"line":70,"column":27}},"17":{"start":{"line":71,"column":15},"end":{"line":71,"column":23}},"18":{"start":{"line":72,"column":13},"end":{"line":72,"column":51}},"19":{"start":{"line":75,"column":19},"end":{"line":84,"column":3}},"20":{"start":{"line":87,"column":2},"end":{"line":90,"column":3}},"21":{"start":{"line":88,"column":4},"end":{"line":88,"column":38}},"22":{"start":{"line":89,"column":4},"end":{"line":89,"column":42}},"23":{"start":{"line":93,"column":2},"end":{"line":95,"column":3}},"24":{"start":{"line":94,"column":4},"end":{"line":94,"column":33}},"25":{"start":{"line":98,"column":2},"end":{"line":100,"column":3}},"26":{"start":{"line":99,"column":4},"end":{"line":99,"column":52}},"27":{"start":{"line":103,"column":2},"end":{"line":105,"column":3}},"28":{"start":{"line":104,"column":4},"end":{"line":104,"column":37}},"29":{"start":{"line":108,"column":2},"end":{"line":108,"column":65}},"30":{"start":{"line":118,"column":2},"end":{"line":120,"column":3}},"31":{"start":{"line":119,"column":4},"end":{"line":119,"column":28}},"32":{"start":{"line":122,"column":2},"end":{"line":124,"column":3}},"33":{"start":{"line":123,"column":4},"end":{"line":123,"column":24}},"34":{"start":{"line":127,"column":2},"end":{"line":129,"column":3}},"35":{"start":{"line":128,"column":4},"end":{"line":128,"column":15}},"36":{"start":{"line":131,"column":2},"end":{"line":133,"column":3}},"37":{"start":{"line":132,"column":4},"end":{"line":132,"column":15}},"38":{"start":{"line":135,"column":2},"end":{"line":137,"column":3}},"39":{"start":{"line":136,"column":4},"end":{"line":136,"column":15}},"40":{"start":{"line":139,"column":2},"end":{"line":141,"column":3}},"41":{"start":{"line":140,"column":4},"end":{"line":140,"column":15}},"42":{"start":{"line":143,"column":2},"end":{"line":145,"column":3}},"43":{"start":{"line":144,"column":4},"end":{"line":144,"column":15}},"44":{"start":{"line":147,"column":2},"end":{"line":149,"column":3}},"45":{"start":{"line":148,"column":4},"end":{"line":148,"column":15}},"46":{"start":{"line":152,"column":2},"end":{"line":154,"column":3}},"47":{"start":{"line":153,"column":4},"end":{"line":153,"column":15}},"48":{"start":{"line":157,"column":2},"end":{"line":157,"column":13}},"49":{"start":{"line":168,"column":2},"end":{"line":179,"column":3}},"50":{"start":{"line":170,"column":4},"end":{"line":175,"column":5}},"51":{"start":{"line":174,"column":6},"end":{"line":174,"column":29}},"52":{"start":{"line":178,"column":4},"end":{"line":178,"column":21}},"53":{"start":{"line":182,"column":2},"end":{"line":182,"column":33}},"54":{"start":{"line":197,"column":2},"end":{"line":197,"column":21}},"55":{"start":{"line":200,"column":21},"end":{"line":200,"column":39}},"56":{"start":{"line":203,"column":18},"end":{"line":203,"column":49}},"57":{"start":{"line":206,"column":24},"end":{"line":209,"column":3}},"58":{"start":{"line":212,"column":2},"end":{"line":223,"column":3}},"59":{"start":{"line":213,"column":4},"end":{"line":217,"column":6}},"60":{"start":{"line":220,"column":4},"end":{"line":222,"column":5}},"61":{"start":{"line":221,"column":6},"end":{"line":221,"column":38}},"62":{"start":{"line":226,"column":2},"end":{"line":226,"column":45}},"63":{"start":{"line":237,"column":2},"end":{"line":241,"column":5}},"64":{"start":{"line":258,"column":2},"end":{"line":260,"column":4}},"65":{"start":{"line":259,"column":4},"end":{"line":259,"column":52}},"66":{"start":{"line":263,"column":0},"end":{"line":272,"column":2}}},"fnMap":{"0":{"name":"containsSensitiveInfo","decl":{"start":{"line":18,"column":9},"end":{"line":18,"column":30}},"loc":{"start":{"line":18,"column":36},"end":{"line":34,"column":1}},"line":18},"1":{"name":"(anonymous_1)","decl":{"start":{"line":33,"column":32},"end":{"line":33,"column":33}},"loc":{"start":{"line":33,"column":45},"end":{"line":33,"column":62}},"line":33},"2":{"name":"sanitizeObject","decl":{"start":{"line":41,"column":9},"end":{"line":41,"column":23}},"loc":{"start":{"line":41,"column":29},"end":{"line":61,"column":1}},"line":41},"3":{"name":"logError","decl":{"start":{"line":68,"column":9},"end":{"line":68,"column":17}},"loc":{"start":{"line":68,"column":30},"end":{"line":109,"column":1}},"line":68},"4":{"name":"getStatusCode","decl":{"start":{"line":116,"column":9},"end":{"line":116,"column":22}},"loc":{"start":{"line":116,"column":30},"end":{"line":158,"column":1}},"line":116},"5":{"name":"getUserMessage","decl":{"start":{"line":166,"column":9},"end":{"line":166,"column":23}},"loc":{"start":{"line":166,"column":43},"end":{"line":183,"column":1}},"line":166},"6":{"name":"errorHandler","decl":{"start":{"line":195,"column":9},"end":{"line":195,"column":21}},"loc":{"start":{"line":195,"column":43},"end":{"line":227,"column":1}},"line":195},"7":{"name":"notFoundHandler","decl":{"start":{"line":236,"column":9},"end":{"line":236,"column":24}},"loc":{"start":{"line":236,"column":35},"end":{"line":242,"column":1}},"line":236},"8":{"name":"asyncHandler","decl":{"start":{"line":257,"column":9},"end":{"line":257,"column":21}},"loc":{"start":{"line":257,"column":26},"end":{"line":261,"column":1}},"line":257},"9":{"name":"(anonymous_9)","decl":{"start":{"line":258,"column":9},"end":{"line":258,"column":10}},"loc":{"start":{"line":258,"column":29},"end":{"line":260,"column":3}},"line":258}},"branchMap":{"0":{"loc":{"start":{"line":19,"column":2},"end":{"line":21,"column":3}},"type":"if","locations":[{"start":{"line":19,"column":2},"end":{"line":21,"column":3}},{"start":{},"end":{}}],"line":19},"1":{"loc":{"start":{"line":19,"column":6},"end":{"line":19,"column":37}},"type":"binary-expr","locations":[{"start":{"line":19,"column":6},"end":{"line":19,"column":10}},{"start":{"line":19,"column":14},"end":{"line":19,"column":37}}],"line":19},"2":{"loc":{"start":{"line":42,"column":2},"end":{"line":44,"column":3}},"type":"if","locations":[{"start":{"line":42,"column":2},"end":{"line":44,"column":3}},{"start":{},"end":{}}],"line":42},"3":{"loc":{"start":{"line":42,"column":6},"end":{"line":42,"column":37}},"type":"binary-expr","locations":[{"start":{"line":42,"column":6},"end":{"line":42,"column":10}},{"start":{"line":42,"column":14},"end":{"line":42,"column":37}}],"line":42},"4":{"loc":{"start":{"line":50,"column":4},"end":{"line":57,"column":5}},"type":"if","locations":[{"start":{"line":50,"column":4},"end":{"line":57,"column":5}},{"start":{"line":52,"column":11},"end":{"line":57,"column":5}}],"line":50},"5":{"loc":{"start":{"line":52,"column":11},"end":{"line":57,"column":5}},"type":"if","locations":[{"start":{"line":52,"column":11},"end":{"line":57,"column":5}},{"start":{"line":55,"column":11},"end":{"line":57,"column":5}}],"line":52},"6":{"loc":{"start":{"line":52,"column":15},"end":{"line":52,"column":58}},"type":"binary-expr","locations":[{"start":{"line":52,"column":15},"end":{"line":52,"column":40}},{"start":{"line":52,"column":44},"end":{"line":52,"column":58}}],"line":52},"7":{"loc":{"start":{"line":72,"column":13},"end":{"line":72,"column":51}},"type":"binary-expr","locations":[{"start":{"line":72,"column":13},"end":{"line":72,"column":19}},{"start":{"line":72,"column":23},"end":{"line":72,"column":51}}],"line":72},"8":{"loc":{"start":{"line":79,"column":10},"end":{"line":79,"column":31}},"type":"binary-expr","locations":[{"start":{"line":79,"column":10},"end":{"line":79,"column":20}},{"start":{"line":79,"column":24},"end":{"line":79,"column":31}}],"line":79},"9":{"loc":{"start":{"line":83,"column":16},"end":{"line":83,"column":55}},"type":"binary-expr","locations":[{"start":{"line":83,"column":16},"end":{"line":83,"column":32}},{"start":{"line":83,"column":36},"end":{"line":83,"column":48}},{"start":{"line":83,"column":52},"end":{"line":83,"column":55}}],"line":83},"10":{"loc":{"start":{"line":87,"column":2},"end":{"line":90,"column":3}},"type":"if","locations":[{"start":{"line":87,"column":2},"end":{"line":90,"column":3}},{"start":{},"end":{}}],"line":87},"11":{"loc":{"start":{"line":87,"column":6},"end":{"line":87,"column":33}},"type":"binary-expr","locations":[{"start":{"line":87,"column":6},"end":{"line":87,"column":14}},{"start":{"line":87,"column":18},"end":{"line":87,"column":33}}],"line":87},"12":{"loc":{"start":{"line":93,"column":2},"end":{"line":95,"column":3}},"type":"if","locations":[{"start":{"line":93,"column":2},"end":{"line":95,"column":3}},{"start":{},"end":{}}],"line":93},"13":{"loc":{"start":{"line":93,"column":6},"end":{"line":93,"column":58}},"type":"binary-expr","locations":[{"start":{"line":93,"column":6},"end":{"line":93,"column":43}},{"start":{"line":93,"column":47},"end":{"line":93,"column":58}}],"line":93},"14":{"loc":{"start":{"line":98,"column":2},"end":{"line":100,"column":3}},"type":"if","locations":[{"start":{"line":98,"column":2},"end":{"line":100,"column":3}},{"start":{},"end":{}}],"line":98},"15":{"loc":{"start":{"line":98,"column":6},"end":{"line":98,"column":50}},"type":"binary-expr","locations":[{"start":{"line":98,"column":6},"end":{"line":98,"column":14}},{"start":{"line":98,"column":18},"end":{"line":98,"column":50}}],"line":98},"16":{"loc":{"start":{"line":103,"column":2},"end":{"line":105,"column":3}},"type":"if","locations":[{"start":{"line":103,"column":2},"end":{"line":105,"column":3}},{"start":{},"end":{}}],"line":103},"17":{"loc":{"start":{"line":103,"column":6},"end":{"line":103,"column":52}},"type":"binary-expr","locations":[{"start":{"line":103,"column":6},"end":{"line":103,"column":15}},{"start":{"line":103,"column":19},"end":{"line":103,"column":52}}],"line":103},"18":{"loc":{"start":{"line":118,"column":2},"end":{"line":120,"column":3}},"type":"if","locations":[{"start":{"line":118,"column":2},"end":{"line":120,"column":3}},{"start":{},"end":{}}],"line":118},"19":{"loc":{"start":{"line":122,"column":2},"end":{"line":124,"column":3}},"type":"if","locations":[{"start":{"line":122,"column":2},"end":{"line":124,"column":3}},{"start":{},"end":{}}],"line":122},"20":{"loc":{"start":{"line":127,"column":2},"end":{"line":129,"column":3}},"type":"if","locations":[{"start":{"line":127,"column":2},"end":{"line":129,"column":3}},{"start":{},"end":{}}],"line":127},"21":{"loc":{"start":{"line":131,"column":2},"end":{"line":133,"column":3}},"type":"if","locations":[{"start":{"line":131,"column":2},"end":{"line":133,"column":3}},{"start":{},"end":{}}],"line":131},"22":{"loc":{"start":{"line":131,"column":6},"end":{"line":131,"column":72}},"type":"binary-expr","locations":[{"start":{"line":131,"column":6},"end":{"line":131,"column":40}},{"start":{"line":131,"column":44},"end":{"line":131,"column":72}}],"line":131},"23":{"loc":{"start":{"line":135,"column":2},"end":{"line":137,"column":3}},"type":"if","locations":[{"start":{"line":135,"column":2},"end":{"line":137,"column":3}},{"start":{},"end":{}}],"line":135},"24":{"loc":{"start":{"line":135,"column":6},"end":{"line":135,"column":69}},"type":"binary-expr","locations":[{"start":{"line":135,"column":6},"end":{"line":135,"column":37}},{"start":{"line":135,"column":41},"end":{"line":135,"column":69}}],"line":135},"25":{"loc":{"start":{"line":139,"column":2},"end":{"line":141,"column":3}},"type":"if","locations":[{"start":{"line":139,"column":2},"end":{"line":141,"column":3}},{"start":{},"end":{}}],"line":139},"26":{"loc":{"start":{"line":139,"column":6},"end":{"line":139,"column":69}},"type":"binary-expr","locations":[{"start":{"line":139,"column":6},"end":{"line":139,"column":36}},{"start":{"line":139,"column":40},"end":{"line":139,"column":69}}],"line":139},"27":{"loc":{"start":{"line":143,"column":2},"end":{"line":145,"column":3}},"type":"if","locations":[{"start":{"line":143,"column":2},"end":{"line":145,"column":3}},{"start":{},"end":{}}],"line":143},"28":{"loc":{"start":{"line":143,"column":6},"end":{"line":143,"column":69}},"type":"binary-expr","locations":[{"start":{"line":143,"column":6},"end":{"line":143,"column":36}},{"start":{"line":143,"column":40},"end":{"line":143,"column":69}}],"line":143},"29":{"loc":{"start":{"line":147,"column":2},"end":{"line":149,"column":3}},"type":"if","locations":[{"start":{"line":147,"column":2},"end":{"line":149,"column":3}},{"start":{},"end":{}}],"line":147},"30":{"loc":{"start":{"line":147,"column":6},"end":{"line":147,"column":75}},"type":"binary-expr","locations":[{"start":{"line":147,"column":6},"end":{"line":147,"column":43}},{"start":{"line":147,"column":47},"end":{"line":147,"column":75}}],"line":147},"31":{"loc":{"start":{"line":152,"column":2},"end":{"line":154,"column":3}},"type":"if","locations":[{"start":{"line":152,"column":2},"end":{"line":154,"column":3}},{"start":{},"end":{}}],"line":152},"32":{"loc":{"start":{"line":152,"column":6},"end":{"line":152,"column":48}},"type":"binary-expr","locations":[{"start":{"line":152,"column":6},"end":{"line":152,"column":16}},{"start":{"line":152,"column":20},"end":{"line":152,"column":48}}],"line":152},"33":{"loc":{"start":{"line":168,"column":2},"end":{"line":179,"column":3}},"type":"if","locations":[{"start":{"line":168,"column":2},"end":{"line":179,"column":3}},{"start":{},"end":{}}],"line":168},"34":{"loc":{"start":{"line":168,"column":6},"end":{"line":168,"column":64}},"type":"binary-expr","locations":[{"start":{"line":168,"column":6},"end":{"line":168,"column":43}},{"start":{"line":168,"column":47},"end":{"line":168,"column":64}}],"line":168},"35":{"loc":{"start":{"line":170,"column":4},"end":{"line":175,"column":5}},"type":"if","locations":[{"start":{"line":170,"column":4},"end":{"line":175,"column":5}},{"start":{},"end":{}}],"line":170},"36":{"loc":{"start":{"line":171,"column":6},"end":{"line":172,"column":47}},"type":"binary-expr","locations":[{"start":{"line":171,"column":6},"end":{"line":171,"column":35}},{"start":{"line":172,"column":6},"end":{"line":172,"column":47}}],"line":171},"37":{"loc":{"start":{"line":182,"column":9},"end":{"line":182,"column":32}},"type":"binary-expr","locations":[{"start":{"line":182,"column":9},"end":{"line":182,"column":22}},{"start":{"line":182,"column":26},"end":{"line":182,"column":32}}],"line":182},"38":{"loc":{"start":{"line":212,"column":2},"end":{"line":223,"column":3}},"type":"if","locations":[{"start":{"line":212,"column":2},"end":{"line":223,"column":3}},{"start":{},"end":{}}],"line":212},"39":{"loc":{"start":{"line":220,"column":4},"end":{"line":222,"column":5}},"type":"if","locations":[{"start":{"line":220,"column":4},"end":{"line":222,"column":5}},{"start":{},"end":{}}],"line":220}},"s":{"0":0,"1":0,"2":0,"3":0,"4":0,"5":0,"6":0,"7":0,"8":0,"9":0,"10":0,"11":0,"12":0,"13":0,"14":0,"15":0,"16":0,"17":0,"18":0,"19":0,"20":0,"21":0,"22":0,"23":0,"24":0,"25":0,"26":0,"27":0,"28":0,"29":0,"30":0,"31":0,"32":0,"33":0,"34":0,"35":0,"36":0,"37":0,"38":0,"39":0,"40":0,"41":0,"42":0,"43":0,"44":0,"45":0,"46":0,"47":0,"48":0,"49":0,"50":0,"51":0,"52":0,"53":0,"54":0,"55":0,"56":0,"57":0,"58":0,"59":0,"60":0,"61":0,"62":0,"63":0,"64":0,"65":0,"66":1},"f":{"0":0,"1":0,"2":0,"3":0,"4":0,"5":0,"6":0,"7":0,"8":0,"9":0},"b":{"0":[0,0],"1":[0,0],"2":[0,0],"3":[0,0],"4":[0,0],"5":[0,0],"6":[0,0],"7":[0,0],"8":[0,0],"9":[0,0,0],"10":[0,0],"11":[0,0],"12":[0,0],"13":[0,0],"14":[0,0],"15":[0,0],"16":[0,0],"17":[0,0],"18":[0,0],"19":[0,0],"20":[0,0],"21":[0,0],"22":[0,0],"23":[0,0],"24":[0,0],"25":[0,0],"26":[0,0],"27":[0,0],"28":[0,0],"29":[0,0],"30":[0,0],"31":[0,0],"32":[0,0],"33":[0,0],"34":[0,0],"35":[0,0],"36":[0,0],"37":[0,0],"38":[0,0],"39":[0,0]},"_coverageSchema":"1a1c01bbd47fc00a2c39e90264f33305004495a9","hash":"be6b8fe01e1a661a861e6e717b632c713b9605fd"}
,"G:\\酒馆编写参考\\anti-theft-server\\src\\middleware\\etag.js": {"path":"G:\\酒馆编写参考\\anti-theft-server\\src\\middleware\\etag.js","statementMap":{"0":{"start":{"line":13,"column":13},"end":{"line":13,"column":28}},"1":{"start":{"line":14,"column":15},"end":{"line":14,"column":32}},"2":{"start":{"line":28,"column":2},"end":{"line":30,"column":3}},"3":{"start":{"line":29,"column":4},"end":{"line":29,"column":18}},"4":{"start":{"line":33,"column":23},"end":{"line":33,"column":41}},"5":{"start":{"line":36,"column":2},"end":{"line":59,"column":4}},"6":{"start":{"line":38,"column":20},"end":{"line":38,"column":40}},"7":{"start":{"line":41,"column":26},"end":{"line":41,"column":39}},"8":{"start":{"line":44,"column":4},"end":{"line":44,"column":41}},"9":{"start":{"line":47,"column":4},"end":{"line":47,"column":47}},"10":{"start":{"line":50,"column":23},"end":{"line":50,"column":51}},"11":{"start":{"line":52,"column":4},"end":{"line":58,"column":5}},"12":{"start":{"line":54,"column":6},"end":{"line":54,"column":28}},"13":{"start":{"line":57,"column":6},"end":{"line":57,"column":25}},"14":{"start":{"line":61,"column":2},"end":{"line":61,"column":9}},"15":{"start":{"line":73,"column":15},"end":{"line":73,"column":72}},"16":{"start":{"line":74,"column":2},"end":{"line":74,"column":38}},"17":{"start":{"line":87,"column":15},"end":{"line":87,"column":41}},"18":{"start":{"line":88,"column":20},"end":{"line":88,"column":56}},"19":{"start":{"line":89,"column":2},"end":{"line":89,"column":62}},"20":{"start":{"line":99,"column":2},"end":{"line":101,"column":3}},"21":{"start":{"line":100,"column":4},"end":{"line":100,"column":18}},"22":{"start":{"line":104,"column":23},"end":{"line":104,"column":41}},"23":{"start":{"line":107,"column":2},"end":{"line":128,"column":4}},"24":{"start":{"line":109,"column":4},"end":{"line":124,"column":5}},"25":{"start":{"line":110,"column":27},"end":{"line":110,"column":66}},"26":{"start":{"line":111,"column":6},"end":{"line":111,"column":51}},"27":{"start":{"line":114,"column":30},"end":{"line":114,"column":62}},"28":{"start":{"line":115,"column":6},"end":{"line":123,"column":7}},"29":{"start":{"line":116,"column":27},"end":{"line":116,"column":52}},"30":{"start":{"line":117,"column":29},"end":{"line":117,"column":54}},"31":{"start":{"line":119,"column":8},"end":{"line":122,"column":9}},"32":{"start":{"line":121,"column":10},"end":{"line":121,"column":39}},"33":{"start":{"line":127,"column":4},"end":{"line":127,"column":23}},"34":{"start":{"line":130,"column":2},"end":{"line":130,"column":9}},"35":{"start":{"line":133,"column":0},"end":{"line":138,"column":2}}},"fnMap":{"0":{"name":"etagMiddleware","decl":{"start":{"line":26,"column":9},"end":{"line":26,"column":23}},"loc":{"start":{"line":26,"column":40},"end":{"line":62,"column":1}},"line":26},"1":{"name":"(anonymous_1)","decl":{"start":{"line":36,"column":13},"end":{"line":36,"column":14}},"loc":{"start":{"line":36,"column":29},"end":{"line":59,"column":3}},"line":36},"2":{"name":"generateStrongEtag","decl":{"start":{"line":72,"column":9},"end":{"line":72,"column":27}},"loc":{"start":{"line":72,"column":37},"end":{"line":75,"column":1}},"line":72},"3":{"name":"generateWeakEtag","decl":{"start":{"line":86,"column":9},"end":{"line":86,"column":25}},"loc":{"start":{"line":86,"column":42},"end":{"line":90,"column":1}},"line":86},"4":{"name":"conditionalRequestMiddleware","decl":{"start":{"line":97,"column":9},"end":{"line":97,"column":37}},"loc":{"start":{"line":97,"column":54},"end":{"line":131,"column":1}},"line":97},"5":{"name":"(anonymous_5)","decl":{"start":{"line":107,"column":13},"end":{"line":107,"column":14}},"loc":{"start":{"line":107,"column":29},"end":{"line":128,"column":3}},"line":107}},"branchMap":{"0":{"loc":{"start":{"line":28,"column":2},"end":{"line":30,"column":3}},"type":"if","locations":[{"start":{"line":28,"column":2},"end":{"line":30,"column":3}},{"start":{},"end":{}}],"line":28},"1":{"loc":{"start":{"line":28,"column":6},"end":{"line":28,"column":51}},"type":"binary-expr","locations":[{"start":{"line":28,"column":6},"end":{"line":28,"column":26}},{"start":{"line":28,"column":30},"end":{"line":28,"column":51}}],"line":28},"2":{"loc":{"start":{"line":52,"column":4},"end":{"line":58,"column":5}},"type":"if","locations":[{"start":{"line":52,"column":4},"end":{"line":58,"column":5}},{"start":{"line":55,"column":11},"end":{"line":58,"column":5}}],"line":52},"3":{"loc":{"start":{"line":52,"column":8},"end":{"line":52,"column":50}},"type":"binary-expr","locations":[{"start":{"line":52,"column":8},"end":{"line":52,"column":18}},{"start":{"line":52,"column":22},"end":{"line":52,"column":50}}],"line":52},"4":{"loc":{"start":{"line":88,"column":20},"end":{"line":88,"column":56}},"type":"cond-expr","locations":[{"start":{"line":88,"column":28},"end":{"line":88,"column":43}},{"start":{"line":88,"column":46},"end":{"line":88,"column":56}}],"line":88},"5":{"loc":{"start":{"line":99,"column":2},"end":{"line":101,"column":3}},"type":"if","locations":[{"start":{"line":99,"column":2},"end":{"line":101,"column":3}},{"start":{},"end":{}}],"line":99},"6":{"loc":{"start":{"line":99,"column":6},"end":{"line":99,"column":51}},"type":"binary-expr","locations":[{"start":{"line":99,"column":6},"end":{"line":99,"column":26}},{"start":{"line":99,"column":30},"end":{"line":99,"column":51}}],"line":99},"7":{"loc":{"start":{"line":109,"column":4},"end":{"line":124,"column":5}},"type":"if","locations":[{"start":{"line":109,"column":4},"end":{"line":124,"column":5}},{"start":{},"end":{}}],"line":109},"8":{"loc":{"start":{"line":115,"column":6},"end":{"line":123,"column":7}},"type":"if","locations":[{"start":{"line":115,"column":6},"end":{"line":123,"column":7}},{"start":{},"end":{}}],"line":115},"9":{"loc":{"start":{"line":119,"column":8},"end":{"line":122,"column":9}},"type":"if","locations":[{"start":{"line":119,"column":8},"end":{"line":122,"column":9}},{"start":{},"end":{}}],"line":119}},"s":{"0":1,"1":1,"2":0,"3":0,"4":0,"5":0,"6":0,"7":0,"8":0,"9":0,"10":0,"11":0,"12":0,"13":0,"14":0,"15":0,"16":0,"17":0,"18":0,"19":0,"20":0,"21":0,"22":0,"23":0,"24":0,"25":0,"26":0,"27":0,"28":0,"29":0,"30":0,"31":0,"32":0,"33":0,"34":0,"35":1},"f":{"0":0,"1":0,"2":0,"3":0,"4":0,"5":0},"b":{"0":[0,0],"1":[0,0],"2":[0,0],"3":[0,0],"4":[0,0],"5":[0,0],"6":[0,0],"7":[0,0],"8":[0,0],"9":[0,0]},"_coverageSchema":"1a1c01bbd47fc00a2c39e90264f33305004495a9","hash":"4482e15bc10057a14607683a7be063d776a5d677"}
,"G:\\酒馆编写参考\\anti-theft-server\\src\\middleware\\httpsRedirect.js": {"path":"G:\\酒馆编写参考\\anti-theft-server\\src\\middleware\\httpsRedirect.js","statementMap":{"0":{"start":{"line":22,"column":2},"end":{"line":35,"column":3}},"1":{"start":{"line":26,"column":21},"end":{"line":26,"column":79}},"2":{"start":{"line":28,"column":4},"end":{"line":34,"column":5}},"3":{"start":{"line":30,"column":23},"end":{"line":30,"column":62}},"4":{"start":{"line":33,"column":6},"end":{"line":33,"column":41}},"5":{"start":{"line":38,"column":2},"end":{"line":38,"column":9}},"6":{"start":{"line":41,"column":0},"end":{"line":41,"column":31}}},"fnMap":{"0":{"name":"httpsRedirect","decl":{"start":{"line":20,"column":9},"end":{"line":20,"column":22}},"loc":{"start":{"line":20,"column":39},"end":{"line":39,"column":1}},"line":20}},"branchMap":{"0":{"loc":{"start":{"line":22,"column":2},"end":{"line":35,"column":3}},"type":"if","locations":[{"start":{"line":22,"column":2},"end":{"line":35,"column":3}},{"start":{},"end":{}}],"line":22},"1":{"loc":{"start":{"line":26,"column":21},"end":{"line":26,"column":79}},"type":"binary-expr","locations":[{"start":{"line":26,"column":21},"end":{"line":26,"column":31}},{"start":{"line":26,"column":35},"end":{"line":26,"column":79}}],"line":26},"2":{"loc":{"start":{"line":28,"column":4},"end":{"line":34,"column":5}},"type":"if","locations":[{"start":{"line":28,"column":4},"end":{"line":34,"column":5}},{"start":{},"end":{}}],"line":28}},"s":{"0":0,"1":0,"2":0,"3":0,"4":0,"5":0,"6":1},"f":{"0":0},"b":{"0":[0,0],"1":[0,0],"2":[0,0]},"_coverageSchema":"1a1c01bbd47fc00a2c39e90264f33305004495a9","hash":"63e4c780b524215dc257bfda6ef235b12c2c0282"}
,"G:\\酒馆编写参考\\anti-theft-server\\src\\middleware\\rateLimiter.js": {"path":"G:\\酒馆编写参考\\anti-theft-server\\src\\middleware\\rateLimiter.js","statementMap":{"0":{"start":{"line":16,"column":18},"end":{"line":16,"column":47}},"1":{"start":{"line":29,"column":22},"end":{"line":53,"column":2}},"2":{"start":{"line":42,"column":23},"end":{"line":44,"column":5}},"3":{"start":{"line":46,"column":4},"end":{"line":51,"column":7}},"4":{"start":{"line":66,"column":26},"end":{"line":106,"column":2}},"5":{"start":{"line":79,"column":19},"end":{"line":79,"column":36}},"6":{"start":{"line":82,"column":4},"end":{"line":84,"column":5}},"7":{"start":{"line":83,"column":6},"end":{"line":83,"column":57}},"8":{"start":{"line":86,"column":4},"end":{"line":86,"column":28}},"9":{"start":{"line":90,"column":4},"end":{"line":90,"column":30}},"10":{"start":{"line":94,"column":23},"end":{"line":96,"column":5}},"11":{"start":{"line":98,"column":4},"end":{"line":104,"column":7}},"12":{"start":{"line":126,"column":26},"end":{"line":126,"column":60}},"13":{"start":{"line":132,"column":0},"end":{"line":136,"column":2}}},"fnMap":{"0":{"name":"(anonymous_0)","decl":{"start":{"line":41,"column":11},"end":{"line":41,"column":12}},"loc":{"start":{"line":41,"column":25},"end":{"line":52,"column":3}},"line":41},"1":{"name":"(anonymous_1)","decl":{"start":{"line":77,"column":16},"end":{"line":77,"column":17}},"loc":{"start":{"line":77,"column":25},"end":{"line":87,"column":3}},"line":77},"2":{"name":"(anonymous_2)","decl":{"start":{"line":89,"column":8},"end":{"line":89,"column":9}},"loc":{"start":{"line":89,"column":17},"end":{"line":91,"column":3}},"line":89},"3":{"name":"(anonymous_3)","decl":{"start":{"line":93,"column":11},"end":{"line":93,"column":12}},"loc":{"start":{"line":93,"column":25},"end":{"line":105,"column":3}},"line":93}},"branchMap":{"0":{"loc":{"start":{"line":82,"column":4},"end":{"line":84,"column":5}},"type":"if","locations":[{"start":{"line":82,"column":4},"end":{"line":84,"column":5}},{"start":{},"end":{}}],"line":82}},"s":{"0":1,"1":1,"2":0,"3":0,"4":1,"5":0,"6":0,"7":0,"8":0,"9":0,"10":0,"11":0,"12":1,"13":1},"f":{"0":0,"1":0,"2":0,"3":0},"b":{"0":[0,0]},"_coverageSchema":"1a1c01bbd47fc00a2c39e90264f33305004495a9","hash":"e20bcba5a2c2187acbc9329f676f5a07694993c7"}
,"G:\\酒馆编写参考\\anti-theft-server\\src\\routes\\auth.js": {"path":"G:\\酒馆编写参考\\anti-theft-server\\src\\routes\\auth.js","statementMap":{"0":{"start":{"line":14,"column":16},"end":{"line":14,"column":34}},"1":{"start":{"line":15,"column":25},"end":{"line":15,"column":51}},"2":{"start":{"line":16,"column":26},"end":{"line":16,"column":49}},"3":{"start":{"line":17,"column":18},"end":{"line":17,"column":45}},"4":{"start":{"line":21,"column":4},"end":{"line":21,"column":32}},"5":{"start":{"line":22,"column":37},"end":{"line":22,"column":63}},"6":{"start":{"line":24,"column":15},"end":{"line":24,"column":31}},"7":{"start":{"line":36,"column":2},"end":{"line":38,"column":3}},"8":{"start":{"line":37,"column":4},"end":{"line":37,"column":48}},"9":{"start":{"line":40,"column":18},"end":{"line":40,"column":33}},"10":{"start":{"line":42,"column":2},"end":{"line":44,"column":3}},"11":{"start":{"line":43,"column":4},"end":{"line":43,"column":60}},"12":{"start":{"line":47,"column":2},"end":{"line":52,"column":3}},"13":{"start":{"line":48,"column":4},"end":{"line":51,"column":6}},"14":{"start":{"line":54,"column":2},"end":{"line":54,"column":25}},"15":{"start":{"line":63,"column":2},"end":{"line":65,"column":3}},"16":{"start":{"line":64,"column":4},"end":{"line":64,"column":47}},"17":{"start":{"line":67,"column":18},"end":{"line":67,"column":30}},"18":{"start":{"line":69,"column":2},"end":{"line":71,"column":3}},"19":{"start":{"line":70,"column":4},"end":{"line":70,"column":57}},"20":{"start":{"line":74,"column":21},"end":{"line":74,"column":49}},"21":{"start":{"line":75,"column":2},"end":{"line":77,"column":3}},"22":{"start":{"line":76,"column":4},"end":{"line":76,"column":48}},"23":{"start":{"line":79,"column":2},"end":{"line":79,"column":25}},"24":{"start":{"line":88,"column":2},"end":{"line":90,"column":3}},"25":{"start":{"line":89,"column":4},"end":{"line":89,"column":47}},"26":{"start":{"line":92,"column":2},"end":{"line":94,"column":3}},"27":{"start":{"line":93,"column":4},"end":{"line":93,"column":60}},"28":{"start":{"line":96,"column":2},"end":{"line":96,"column":25}},"29":{"start":{"line":112,"column":0},"end":{"line":254,"column":3}},"30":{"start":{"line":113,"column":2},"end":{"line":253,"column":3}},"31":{"start":{"line":114,"column":42},"end":{"line":114,"column":50}},"32":{"start":{"line":121,"column":31},"end":{"line":121,"column":57}},"33":{"start":{"line":122,"column":4},"end":{"line":127,"column":5}},"34":{"start":{"line":123,"column":6},"end":{"line":126,"column":9}},"35":{"start":{"line":130,"column":28},"end":{"line":130,"column":48}},"36":{"start":{"line":131,"column":4},"end":{"line":136,"column":5}},"37":{"start":{"line":132,"column":6},"end":{"line":135,"column":9}},"38":{"start":{"line":139,"column":31},"end":{"line":139,"column":57}},"39":{"start":{"line":140,"column":4},"end":{"line":145,"column":5}},"40":{"start":{"line":141,"column":6},"end":{"line":144,"column":9}},"41":{"start":{"line":148,"column":31},"end":{"line":148,"column":61}},"42":{"start":{"line":149,"column":28},"end":{"line":149,"column":69}},"43":{"start":{"line":152,"column":4},"end":{"line":160,"column":5}},"44":{"start":{"line":156,"column":6},"end":{"line":159,"column":9}},"45":{"start":{"line":166,"column":29},"end":{"line":169,"column":5}},"46":{"start":{"line":171,"column":4},"end":{"line":176,"column":5}},"47":{"start":{"line":172,"column":6},"end":{"line":175,"column":9}},"48":{"start":{"line":182,"column":26},"end":{"line":184,"column":6}},"49":{"start":{"line":186,"column":4},"end":{"line":191,"column":5}},"50":{"start":{"line":187,"column":6},"end":{"line":190,"column":9}},"51":{"start":{"line":197,"column":25},"end":{"line":197,"column":53}},"52":{"start":{"line":203,"column":19},"end":{"line":206,"column":5}},"53":{"start":{"line":208,"column":19},"end":{"line":208,"column":34}},"54":{"start":{"line":214,"column":18},"end":{"line":214,"column":59}},"55":{"start":{"line":220,"column":4},"end":{"line":228,"column":7}},"56":{"start":{"line":230,"column":4},"end":{"line":230,"column":57}},"57":{"start":{"line":232,"column":4},"end":{"line":232,"column":30}},"58":{"start":{"line":235,"column":4},"end":{"line":246,"column":5}},"59":{"start":{"line":236,"column":6},"end":{"line":241,"column":8}},"60":{"start":{"line":242,"column":6},"end":{"line":245,"column":9}},"61":{"start":{"line":249,"column":4},"end":{"line":252,"column":7}},"62":{"start":{"line":270,"column":0},"end":{"line":368,"column":3}},"63":{"start":{"line":271,"column":2},"end":{"line":367,"column":3}},"64":{"start":{"line":272,"column":35},"end":{"line":272,"column":43}},"65":{"start":{"line":279,"column":4},"end":{"line":284,"column":5}},"66":{"start":{"line":280,"column":6},"end":{"line":283,"column":9}},"67":{"start":{"line":287,"column":4},"end":{"line":292,"column":5}},"68":{"start":{"line":288,"column":6},"end":{"line":291,"column":9}},"69":{"start":{"line":295,"column":31},"end":{"line":295,"column":61}},"70":{"start":{"line":298,"column":4},"end":{"line":303,"column":5}},"71":{"start":{"line":299,"column":6},"end":{"line":302,"column":9}},"72":{"start":{"line":309,"column":18},"end":{"line":312,"column":5}},"73":{"start":{"line":315,"column":4},"end":{"line":320,"column":5}},"74":{"start":{"line":316,"column":6},"end":{"line":319,"column":9}},"75":{"start":{"line":322,"column":17},"end":{"line":322,"column":25}},"76":{"start":{"line":328,"column":31},"end":{"line":328,"column":57}},"77":{"start":{"line":329,"column":28},"end":{"line":329,"column":78}},"78":{"start":{"line":331,"column":4},"end":{"line":336,"column":5}},"79":{"start":{"line":332,"column":6},"end":{"line":335,"column":9}},"80":{"start":{"line":342,"column":18},"end":{"line":342,"column":55}},"81":{"start":{"line":348,"column":4},"end":{"line":356,"column":7}},"82":{"start":{"line":358,"column":4},"end":{"line":358,"column":49}},"83":{"start":{"line":360,"column":4},"end":{"line":360,"column":30}},"84":{"start":{"line":363,"column":4},"end":{"line":366,"column":7}},"85":{"start":{"line":374,"column":0},"end":{"line":374,"column":24}}},"fnMap":{"0":{"name":"validateUsername","decl":{"start":{"line":35,"column":9},"end":{"line":35,"column":25}},"loc":{"start":{"line":35,"column":36},"end":{"line":55,"column":1}},"line":35},"1":{"name":"validateEmail","decl":{"start":{"line":62,"column":9},"end":{"line":62,"column":22}},"loc":{"start":{"line":62,"column":30},"end":{"line":80,"column":1}},"line":62},"2":{"name":"validatePassword","decl":{"start":{"line":87,"column":9},"end":{"line":87,"column":25}},"loc":{"start":{"line":87,"column":36},"end":{"line":97,"column":1}},"line":87},"3":{"name":"(anonymous_3)","decl":{"start":{"line":112,"column":25},"end":{"line":112,"column":26}},"loc":{"start":{"line":112,"column":45},"end":{"line":254,"column":1}},"line":112},"4":{"name":"(anonymous_4)","decl":{"start":{"line":270,"column":22},"end":{"line":270,"column":23}},"loc":{"start":{"line":270,"column":42},"end":{"line":368,"column":1}},"line":270}},"branchMap":{"0":{"loc":{"start":{"line":36,"column":2},"end":{"line":38,"column":3}},"type":"if","locations":[{"start":{"line":36,"column":2},"end":{"line":38,"column":3}},{"start":{},"end":{}}],"line":36},"1":{"loc":{"start":{"line":36,"column":6},"end":{"line":36,"column":47}},"type":"binary-expr","locations":[{"start":{"line":36,"column":6},"end":{"line":36,"column":15}},{"start":{"line":36,"column":19},"end":{"line":36,"column":47}}],"line":36},"2":{"loc":{"start":{"line":42,"column":2},"end":{"line":44,"column":3}},"type":"if","locations":[{"start":{"line":42,"column":2},"end":{"line":44,"column":3}},{"start":{},"end":{}}],"line":42},"3":{"loc":{"start":{"line":42,"column":6},"end":{"line":42,"column":47}},"type":"binary-expr","locations":[{"start":{"line":42,"column":6},"end":{"line":42,"column":24}},{"start":{"line":42,"column":28},"end":{"line":42,"column":47}}],"line":42},"4":{"loc":{"start":{"line":47,"column":2},"end":{"line":52,"column":3}},"type":"if","locations":[{"start":{"line":47,"column":2},"end":{"line":52,"column":3}},{"start":{},"end":{}}],"line":47},"5":{"loc":{"start":{"line":63,"column":2},"end":{"line":65,"column":3}},"type":"if","locations":[{"start":{"line":63,"column":2},"end":{"line":65,"column":3}},{"start":{},"end":{}}],"line":63},"6":{"loc":{"start":{"line":63,"column":6},"end":{"line":63,"column":41}},"type":"binary-expr","locations":[{"start":{"line":63,"column":6},"end":{"line":63,"column":12}},{"start":{"line":63,"column":16},"end":{"line":63,"column":41}}],"line":63},"7":{"loc":{"start":{"line":69,"column":2},"end":{"line":71,"column":3}},"type":"if","locations":[{"start":{"line":69,"column":2},"end":{"line":71,"column":3}},{"start":{},"end":{}}],"line":69},"8":{"loc":{"start":{"line":75,"column":2},"end":{"line":77,"column":3}},"type":"if","locations":[{"start":{"line":75,"column":2},"end":{"line":77,"column":3}},{"start":{},"end":{}}],"line":75},"9":{"loc":{"start":{"line":88,"column":2},"end":{"line":90,"column":3}},"type":"if","locations":[{"start":{"line":88,"column":2},"end":{"line":90,"column":3}},{"start":{},"end":{}}],"line":88},"10":{"loc":{"start":{"line":88,"column":6},"end":{"line":88,"column":47}},"type":"binary-expr","locations":[{"start":{"line":88,"column":6},"end":{"line":88,"column":15}},{"start":{"line":88,"column":19},"end":{"line":88,"column":47}}],"line":88},"11":{"loc":{"start":{"line":92,"column":2},"end":{"line":94,"column":3}},"type":"if","locations":[{"start":{"line":92,"column":2},"end":{"line":94,"column":3}},{"start":{},"end":{}}],"line":92},"12":{"loc":{"start":{"line":92,"column":6},"end":{"line":92,"column":50}},"type":"binary-expr","locations":[{"start":{"line":92,"column":6},"end":{"line":92,"column":25}},{"start":{"line":92,"column":29},"end":{"line":92,"column":50}}],"line":92},"13":{"loc":{"start":{"line":122,"column":4},"end":{"line":127,"column":5}},"type":"if","locations":[{"start":{"line":122,"column":4},"end":{"line":127,"column":5}},{"start":{},"end":{}}],"line":122},"14":{"loc":{"start":{"line":131,"column":4},"end":{"line":136,"column":5}},"type":"if","locations":[{"start":{"line":131,"column":4},"end":{"line":136,"column":5}},{"start":{},"end":{}}],"line":131},"15":{"loc":{"start":{"line":140,"column":4},"end":{"line":145,"column":5}},"type":"if","locations":[{"start":{"line":140,"column":4},"end":{"line":145,"column":5}},{"start":{},"end":{}}],"line":140},"16":{"loc":{"start":{"line":152,"column":4},"end":{"line":160,"column":5}},"type":"if","locations":[{"start":{"line":152,"column":4},"end":{"line":160,"column":5}},{"start":{},"end":{}}],"line":152},"17":{"loc":{"start":{"line":153,"column":6},"end":{"line":154,"column":40}},"type":"binary-expr","locations":[{"start":{"line":153,"column":6},"end":{"line":153,"column":43}},{"start":{"line":154,"column":6},"end":{"line":154,"column":40}}],"line":153},"18":{"loc":{"start":{"line":171,"column":4},"end":{"line":176,"column":5}},"type":"if","locations":[{"start":{"line":171,"column":4},"end":{"line":176,"column":5}},{"start":{},"end":{}}],"line":171},"19":{"loc":{"start":{"line":186,"column":4},"end":{"line":191,"column":5}},"type":"if","locations":[{"start":{"line":186,"column":4},"end":{"line":191,"column":5}},{"start":{},"end":{}}],"line":186},"20":{"loc":{"start":{"line":235,"column":4},"end":{"line":246,"column":5}},"type":"if","locations":[{"start":{"line":235,"column":4},"end":{"line":246,"column":5}},{"start":{},"end":{}}],"line":235},"21":{"loc":{"start":{"line":238,"column":8},"end":{"line":238,"column":39}},"type":"binary-expr","locations":[{"start":{"line":238,"column":8},"end":{"line":238,"column":26}},{"start":{"line":238,"column":30},"end":{"line":238,"column":39}}],"line":238},"22":{"loc":{"start":{"line":279,"column":4},"end":{"line":284,"column":5}},"type":"if","locations":[{"start":{"line":279,"column":4},"end":{"line":284,"column":5}},{"start":{},"end":{}}],"line":279},"23":{"loc":{"start":{"line":279,"column":8},"end":{"line":279,"column":49}},"type":"binary-expr","locations":[{"start":{"line":279,"column":8},"end":{"line":279,"column":17}},{"start":{"line":279,"column":21},"end":{"line":279,"column":49}}],"line":279},"24":{"loc":{"start":{"line":287,"column":4},"end":{"line":292,"column":5}},"type":"if","locations":[{"start":{"line":287,"column":4},"end":{"line":292,"column":5}},{"start":{},"end":{}}],"line":287},"25":{"loc":{"start":{"line":287,"column":8},"end":{"line":287,"column":49}},"type":"binary-expr","locations":[{"start":{"line":287,"column":8},"end":{"line":287,"column":17}},{"start":{"line":287,"column":21},"end":{"line":287,"column":49}}],"line":287},"26":{"loc":{"start":{"line":298,"column":4},"end":{"line":303,"column":5}},"type":"if","locations":[{"start":{"line":298,"column":4},"end":{"line":303,"column":5}},{"start":{},"end":{}}],"line":298},"27":{"loc":{"start":{"line":315,"column":4},"end":{"line":320,"column":5}},"type":"if","locations":[{"start":{"line":315,"column":4},"end":{"line":320,"column":5}},{"start":{},"end":{}}],"line":315},"28":{"loc":{"start":{"line":331,"column":4},"end":{"line":336,"column":5}},"type":"if","locations":[{"start":{"line":331,"column":4},"end":{"line":336,"column":5}},{"start":{},"end":{}}],"line":331}},"s":{"0":1,"1":1,"2":1,"3":1,"4":1,"5":1,"6":1,"7":0,"8":0,"9":0,"10":0,"11":0,"12":0,"13":0,"14":0,"15":0,"16":0,"17":0,"18":0,"19":0,"20":0,"21":0,"22":0,"23":0,"24":0,"25":0,"26":0,"27":0,"28":0,"29":1,"30":0,"31":0,"32":0,"33":0,"34":0,"35":0,"36":0,"37":0,"38":0,"39":0,"40":0,"41":0,"42":0,"43":0,"44":0,"45":0,"46":0,"47":0,"48":0,"49":0,"50":0,"51":0,"52":0,"53":0,"54":0,"55":0,"56":0,"57":0,"58":0,"59":0,"60":0,"61":0,"62":1,"63":0,"64":0,"65":0,"66":0,"67":0,"68":0,"69":0,"70":0,"71":0,"72":0,"73":0,"74":0,"75":0,"76":0,"77":0,"78":0,"79":0,"80":0,"81":0,"82":0,"83":0,"84":0,"85":1},"f":{"0":0,"1":0,"2":0,"3":0,"4":0},"b":{"0":[0,0],"1":[0,0],"2":[0,0],"3":[0,0],"4":[0,0],"5":[0,0],"6":[0,0],"7":[0,0],"8":[0,0],"9":[0,0],"10":[0,0],"11":[0,0],"12":[0,0],"13":[0,0],"14":[0,0],"15":[0,0],"16":[0,0],"17":[0,0],"18":[0,0],"19":[0,0],"20":[0,0],"21":[0,0],"22":[0,0],"23":[0,0],"24":[0,0],"25":[0,0],"26":[0,0],"27":[0,0],"28":[0,0]},"_coverageSchema":"1a1c01bbd47fc00a2c39e90264f33305004495a9","hash":"c4c3fd774dd80caff7972dabcb1ff63fc6c1ef2b"}
,"G:\\酒馆编写参考\\anti-theft-server\\src\\routes\\cards.js": {"path":"G:\\酒馆编写参考\\anti-theft-server\\src\\routes\\cards.js","statementMap":{"0":{"start":{"line":17,"column":16},"end":{"line":17,"column":34}},"1":{"start":{"line":18,"column":15},"end":{"line":18,"column":31}},"2":{"start":{"line":19,"column":30},"end":{"line":19,"column":59}},"3":{"start":{"line":20,"column":27},"end":{"line":20,"column":56}},"4":{"start":{"line":21,"column":11},"end":{"line":21,"column":38}},"5":{"start":{"line":22,"column":33},"end":{"line":22,"column":59}},"6":{"start":{"line":23,"column":25},"end":{"line":23,"column":51}},"7":{"start":{"line":24,"column":35},"end":{"line":24,"column":72}},"8":{"start":{"line":28,"column":4},"end":{"line":28,"column":32}},"9":{"start":{"line":29,"column":49},"end":{"line":29,"column":75}},"10":{"start":{"line":41,"column":2},"end":{"line":43,"column":3}},"11":{"start":{"line":42,"column":4},"end":{"line":42,"column":50}},"12":{"start":{"line":45,"column":18},"end":{"line":45,"column":33}},"13":{"start":{"line":47,"column":2},"end":{"line":49,"column":3}},"14":{"start":{"line":48,"column":4},"end":{"line":48,"column":63}},"15":{"start":{"line":51,"column":2},"end":{"line":51,"column":25}},"16":{"start":{"line":60,"column":2},"end":{"line":62,"column":3}},"17":{"start":{"line":61,"column":4},"end":{"line":61,"column":47}},"18":{"start":{"line":64,"column":2},"end":{"line":66,"column":3}},"19":{"start":{"line":65,"column":4},"end":{"line":65,"column":60}},"20":{"start":{"line":68,"column":2},"end":{"line":68,"column":25}},"21":{"start":{"line":98,"column":0},"end":{"line":185,"column":3}},"22":{"start":{"line":99,"column":2},"end":{"line":184,"column":3}},"23":{"start":{"line":100,"column":19},"end":{"line":100,"column":34}},"24":{"start":{"line":103,"column":17},"end":{"line":103,"column":59}},"25":{"start":{"line":104,"column":18},"end":{"line":104,"column":77}},"26":{"start":{"line":105,"column":19},"end":{"line":105,"column":37}},"27":{"start":{"line":112,"column":26},"end":{"line":119,"column":5}},"28":{"start":{"line":122,"column":25},"end":{"line":122,"column":38}},"29":{"start":{"line":124,"column":4},"end":{"line":139,"column":5}},"30":{"start":{"line":125,"column":30},"end":{"line":128,"column":36}},"31":{"start":{"line":127,"column":20},"end":{"line":127,"column":28}},"32":{"start":{"line":128,"column":23},"end":{"line":128,"column":35}},"33":{"start":{"line":131,"column":6},"end":{"line":133,"column":8}},"34":{"start":{"line":132,"column":8},"end":{"line":132,"column":37}},"35":{"start":{"line":136,"column":6},"end":{"line":138,"column":7}},"36":{"start":{"line":137,"column":8},"end":{"line":137,"column":39}},"37":{"start":{"line":142,"column":25},"end":{"line":142,"column":50}},"38":{"start":{"line":145,"column":23},"end":{"line":149,"column":5}},"39":{"start":{"line":150,"column":26},"end":{"line":150,"column":62}},"40":{"start":{"line":151,"column":18},"end":{"line":151,"column":35}},"41":{"start":{"line":154,"column":23},"end":{"line":160,"column":5}},"42":{"start":{"line":162,"column":18},"end":{"line":162,"column":69}},"43":{"start":{"line":165,"column":23},"end":{"line":165,"column":47}},"44":{"start":{"line":168,"column":4},"end":{"line":177,"column":7}},"45":{"start":{"line":179,"column":4},"end":{"line":179,"column":39}},"46":{"start":{"line":180,"column":4},"end":{"line":183,"column":7}},"47":{"start":{"line":213,"column":0},"end":{"line":273,"column":3}},"48":{"start":{"line":214,"column":2},"end":{"line":272,"column":3}},"49":{"start":{"line":215,"column":19},"end":{"line":215,"column":34}},"50":{"start":{"line":216,"column":19},"end":{"line":216,"column":42}},"51":{"start":{"line":222,"column":4},"end":{"line":227,"column":5}},"52":{"start":{"line":223,"column":6},"end":{"line":226,"column":9}},"53":{"start":{"line":233,"column":22},"end":{"line":243,"column":5}},"54":{"start":{"line":245,"column":19},"end":{"line":245,"column":62}},"55":{"start":{"line":251,"column":4},"end":{"line":256,"column":5}},"56":{"start":{"line":252,"column":6},"end":{"line":255,"column":9}},"57":{"start":{"line":262,"column":4},"end":{"line":265,"column":7}},"58":{"start":{"line":267,"column":4},"end":{"line":267,"column":39}},"59":{"start":{"line":268,"column":4},"end":{"line":271,"column":7}},"60":{"start":{"line":299,"column":0},"end":{"line":399,"column":3}},"61":{"start":{"line":300,"column":2},"end":{"line":398,"column":3}},"62":{"start":{"line":301,"column":19},"end":{"line":301,"column":34}},"63":{"start":{"line":302,"column":36},"end":{"line":302,"column":44}},"64":{"start":{"line":309,"column":31},"end":{"line":309,"column":58}},"65":{"start":{"line":310,"column":4},"end":{"line":315,"column":5}},"66":{"start":{"line":311,"column":6},"end":{"line":314,"column":9}},"67":{"start":{"line":318,"column":31},"end":{"line":318,"column":57}},"68":{"start":{"line":319,"column":4},"end":{"line":324,"column":5}},"69":{"start":{"line":320,"column":6},"end":{"line":323,"column":9}},"70":{"start":{"line":327,"column":31},"end":{"line":327,"column":62}},"71":{"start":{"line":330,"column":4},"end":{"line":335,"column":5}},"72":{"start":{"line":331,"column":6},"end":{"line":334,"column":9}},"73":{"start":{"line":341,"column":19},"end":{"line":341,"column":47}},"74":{"start":{"line":347,"column":25},"end":{"line":347,"column":53}},"75":{"start":{"line":353,"column":24},"end":{"line":357,"column":5}},"76":{"start":{"line":359,"column":19},"end":{"line":364,"column":6}},"77":{"start":{"line":370,"column":4},"end":{"line":375,"column":7}},"78":{"start":{"line":377,"column":4},"end":{"line":381,"column":7}},"79":{"start":{"line":383,"column":4},"end":{"line":383,"column":31}},"80":{"start":{"line":386,"column":4},"end":{"line":391,"column":5}},"81":{"start":{"line":387,"column":6},"end":{"line":390,"column":9}},"82":{"start":{"line":394,"column":4},"end":{"line":397,"column":7}},"83":{"start":{"line":425,"column":0},"end":{"line":527,"column":3}},"84":{"start":{"line":426,"column":2},"end":{"line":526,"column":3}},"85":{"start":{"line":427,"column":19},"end":{"line":427,"column":34}},"86":{"start":{"line":428,"column":19},"end":{"line":428,"column":42}},"87":{"start":{"line":429,"column":26},"end":{"line":429,"column":34}},"88":{"start":{"line":435,"column":4},"end":{"line":440,"column":5}},"89":{"start":{"line":436,"column":6},"end":{"line":439,"column":9}},"90":{"start":{"line":447,"column":31},"end":{"line":447,"column":58}},"91":{"start":{"line":448,"column":4},"end":{"line":453,"column":5}},"92":{"start":{"line":449,"column":6},"end":{"line":452,"column":9}},"93":{"start":{"line":456,"column":31},"end":{"line":456,"column":62}},"94":{"start":{"line":459,"column":4},"end":{"line":464,"column":5}},"95":{"start":{"line":460,"column":6},"end":{"line":463,"column":9}},"96":{"start":{"line":470,"column":32},"end":{"line":474,"column":5}},"97":{"start":{"line":476,"column":27},"end":{"line":479,"column":6}},"98":{"start":{"line":481,"column":4},"end":{"line":486,"column":5}},"99":{"start":{"line":482,"column":6},"end":{"line":485,"column":9}},"100":{"start":{"line":492,"column":24},"end":{"line":496,"column":5}},"101":{"start":{"line":498,"column":4},"end":{"line":498,"column":70}},"102":{"start":{"line":504,"column":4},"end":{"line":507,"column":7}},"103":{"start":{"line":509,"column":4},"end":{"line":517,"column":6}},"104":{"start":{"line":519,"column":4},"end":{"line":519,"column":31}},"105":{"start":{"line":522,"column":4},"end":{"line":525,"column":7}},"106":{"start":{"line":548,"column":0},"end":{"line":621,"column":3}},"107":{"start":{"line":549,"column":2},"end":{"line":620,"column":3}},"108":{"start":{"line":550,"column":19},"end":{"line":550,"column":34}},"109":{"start":{"line":551,"column":19},"end":{"line":551,"column":42}},"110":{"start":{"line":557,"column":4},"end":{"line":562,"column":5}},"111":{"start":{"line":558,"column":6},"end":{"line":561,"column":9}},"112":{"start":{"line":568,"column":32},"end":{"line":572,"column":5}},"113":{"start":{"line":574,"column":27},"end":{"line":577,"column":6}},"114":{"start":{"line":579,"column":4},"end":{"line":584,"column":5}},"115":{"start":{"line":580,"column":6},"end":{"line":583,"column":9}},"116":{"start":{"line":590,"column":24},"end":{"line":593,"column":5}},"117":{"start":{"line":595,"column":19},"end":{"line":595,"column":64}},"118":{"start":{"line":601,"column":4},"end":{"line":604,"column":7}},"119":{"start":{"line":606,"column":4},"end":{"line":611,"column":7}},"120":{"start":{"line":613,"column":4},"end":{"line":613,"column":37}},"121":{"start":{"line":616,"column":4},"end":{"line":619,"column":7}},"122":{"start":{"line":648,"column":0},"end":{"line":761,"column":3}},"123":{"start":{"line":649,"column":2},"end":{"line":760,"column":3}},"124":{"start":{"line":650,"column":19},"end":{"line":650,"column":34}},"125":{"start":{"line":651,"column":19},"end":{"line":651,"column":42}},"126":{"start":{"line":652,"column":29},"end":{"line":652,"column":37}},"127":{"start":{"line":658,"column":4},"end":{"line":663,"column":5}},"128":{"start":{"line":659,"column":6},"end":{"line":662,"column":9}},"129":{"start":{"line":670,"column":31},"end":{"line":670,"column":61}},"130":{"start":{"line":671,"column":4},"end":{"line":676,"column":5}},"131":{"start":{"line":672,"column":6},"end":{"line":675,"column":9}},"132":{"start":{"line":682,"column":32},"end":{"line":686,"column":5}},"133":{"start":{"line":688,"column":27},"end":{"line":691,"column":6}},"134":{"start":{"line":693,"column":4},"end":{"line":698,"column":5}},"135":{"start":{"line":694,"column":6},"end":{"line":697,"column":9}},"136":{"start":{"line":704,"column":28},"end":{"line":704,"column":60}},"137":{"start":{"line":710,"column":31},"end":{"line":710,"column":64}},"138":{"start":{"line":716,"column":24},"end":{"line":720,"column":5}},"139":{"start":{"line":722,"column":4},"end":{"line":727,"column":7}},"140":{"start":{"line":740,"column":4},"end":{"line":744,"column":7}},"141":{"start":{"line":746,"column":4},"end":{"line":751,"column":6}},"142":{"start":{"line":753,"column":4},"end":{"line":753,"column":30}},"143":{"start":{"line":756,"column":4},"end":{"line":759,"column":7}},"144":{"start":{"line":790,"column":0},"end":{"line":901,"column":3}},"145":{"start":{"line":791,"column":2},"end":{"line":900,"column":3}},"146":{"start":{"line":792,"column":19},"end":{"line":792,"column":34}},"147":{"start":{"line":793,"column":19},"end":{"line":793,"column":42}},"148":{"start":{"line":794,"column":40},"end":{"line":794,"column":48}},"149":{"start":{"line":800,"column":4},"end":{"line":805,"column":5}},"150":{"start":{"line":801,"column":6},"end":{"line":804,"column":9}},"151":{"start":{"line":811,"column":32},"end":{"line":815,"column":5}},"152":{"start":{"line":817,"column":27},"end":{"line":820,"column":6}},"153":{"start":{"line":822,"column":4},"end":{"line":827,"column":5}},"154":{"start":{"line":823,"column":6},"end":{"line":826,"column":9}},"155":{"start":{"line":834,"column":4},"end":{"line":844,"column":5}},"156":{"start":{"line":835,"column":6},"end":{"line":838,"column":9}},"157":{"start":{"line":840,"column":6},"end":{"line":843,"column":9}},"158":{"start":{"line":850,"column":28},"end":{"line":850,"column":62}},"159":{"start":{"line":856,"column":31},"end":{"line":856,"column":64}},"160":{"start":{"line":862,"column":24},"end":{"line":866,"column":5}},"161":{"start":{"line":868,"column":4},"end":{"line":873,"column":7}},"162":{"start":{"line":879,"column":4},"end":{"line":884,"column":7}},"163":{"start":{"line":886,"column":4},"end":{"line":891,"column":6}},"164":{"start":{"line":893,"column":4},"end":{"line":893,"column":32}},"165":{"start":{"line":896,"column":4},"end":{"line":899,"column":7}},"166":{"start":{"line":907,"column":0},"end":{"line":907,"column":24}}},"fnMap":{"0":{"name":"validateCardName","decl":{"start":{"line":40,"column":9},"end":{"line":40,"column":25}},"loc":{"start":{"line":40,"column":36},"end":{"line":52,"column":1}},"line":40},"1":{"name":"validatePassword","decl":{"start":{"line":59,"column":9},"end":{"line":59,"column":25}},"loc":{"start":{"line":59,"column":36},"end":{"line":69,"column":1}},"line":59},"2":{"name":"(anonymous_2)","decl":{"start":{"line":98,"column":51},"end":{"line":98,"column":52}},"loc":{"start":{"line":98,"column":71},"end":{"line":185,"column":1}},"line":98},"3":{"name":"(anonymous_3)","decl":{"start":{"line":127,"column":13},"end":{"line":127,"column":14}},"loc":{"start":{"line":127,"column":20},"end":{"line":127,"column":28}},"line":127},"4":{"name":"(anonymous_4)","decl":{"start":{"line":128,"column":16},"end":{"line":128,"column":17}},"loc":{"start":{"line":128,"column":23},"end":{"line":128,"column":35}},"line":128},"5":{"name":"(anonymous_5)","decl":{"start":{"line":131,"column":46},"end":{"line":131,"column":47}},"loc":{"start":{"line":132,"column":8},"end":{"line":132,"column":37}},"line":132},"6":{"name":"(anonymous_6)","decl":{"start":{"line":213,"column":54},"end":{"line":213,"column":55}},"loc":{"start":{"line":213,"column":74},"end":{"line":273,"column":1}},"line":213},"7":{"name":"(anonymous_7)","decl":{"start":{"line":299,"column":36},"end":{"line":299,"column":37}},"loc":{"start":{"line":299,"column":56},"end":{"line":399,"column":1}},"line":299},"8":{"name":"(anonymous_8)","decl":{"start":{"line":425,"column":38},"end":{"line":425,"column":39}},"loc":{"start":{"line":425,"column":58},"end":{"line":527,"column":1}},"line":425},"9":{"name":"(anonymous_9)","decl":{"start":{"line":548,"column":41},"end":{"line":548,"column":42}},"loc":{"start":{"line":548,"column":61},"end":{"line":621,"column":1}},"line":548},"10":{"name":"(anonymous_10)","decl":{"start":{"line":648,"column":47},"end":{"line":648,"column":48}},"loc":{"start":{"line":648,"column":67},"end":{"line":761,"column":1}},"line":648},"11":{"name":"(anonymous_11)","decl":{"start":{"line":790,"column":55},"end":{"line":790,"column":56}},"loc":{"start":{"line":790,"column":75},"end":{"line":901,"column":1}},"line":790}},"branchMap":{"0":{"loc":{"start":{"line":41,"column":2},"end":{"line":43,"column":3}},"type":"if","locations":[{"start":{"line":41,"column":2},"end":{"line":43,"column":3}},{"start":{},"end":{}}],"line":41},"1":{"loc":{"start":{"line":41,"column":6},"end":{"line":41,"column":47}},"type":"binary-expr","locations":[{"start":{"line":41,"column":6},"end":{"line":41,"column":15}},{"start":{"line":41,"column":19},"end":{"line":41,"column":47}}],"line":41},"2":{"loc":{"start":{"line":47,"column":2},"end":{"line":49,"column":3}},"type":"if","locations":[{"start":{"line":47,"column":2},"end":{"line":49,"column":3}},{"start":{},"end":{}}],"line":47},"3":{"loc":{"start":{"line":47,"column":6},"end":{"line":47,"column":48}},"type":"binary-expr","locations":[{"start":{"line":47,"column":6},"end":{"line":47,"column":24}},{"start":{"line":47,"column":28},"end":{"line":47,"column":48}}],"line":47},"4":{"loc":{"start":{"line":60,"column":2},"end":{"line":62,"column":3}},"type":"if","locations":[{"start":{"line":60,"column":2},"end":{"line":62,"column":3}},{"start":{},"end":{}}],"line":60},"5":{"loc":{"start":{"line":60,"column":6},"end":{"line":60,"column":47}},"type":"binary-expr","locations":[{"start":{"line":60,"column":6},"end":{"line":60,"column":15}},{"start":{"line":60,"column":19},"end":{"line":60,"column":47}}],"line":60},"6":{"loc":{"start":{"line":64,"column":2},"end":{"line":66,"column":3}},"type":"if","locations":[{"start":{"line":64,"column":2},"end":{"line":66,"column":3}},{"start":{},"end":{}}],"line":64},"7":{"loc":{"start":{"line":64,"column":6},"end":{"line":64,"column":50}},"type":"binary-expr","locations":[{"start":{"line":64,"column":6},"end":{"line":64,"column":25}},{"start":{"line":64,"column":29},"end":{"line":64,"column":50}}],"line":64},"8":{"loc":{"start":{"line":103,"column":29},"end":{"line":103,"column":58}},"type":"binary-expr","locations":[{"start":{"line":103,"column":29},"end":{"line":103,"column":53}},{"start":{"line":103,"column":57},"end":{"line":103,"column":58}}],"line":103},"9":{"loc":{"start":{"line":104,"column":44},"end":{"line":104,"column":75}},"type":"binary-expr","locations":[{"start":{"line":104,"column":44},"end":{"line":104,"column":69}},{"start":{"line":104,"column":73},"end":{"line":104,"column":75}}],"line":104},"10":{"loc":{"start":{"line":124,"column":4},"end":{"line":139,"column":5}},"type":"if","locations":[{"start":{"line":124,"column":4},"end":{"line":139,"column":5}},{"start":{},"end":{}}],"line":124},"11":{"loc":{"start":{"line":136,"column":6},"end":{"line":138,"column":7}},"type":"if","locations":[{"start":{"line":136,"column":6},"end":{"line":138,"column":7}},{"start":{},"end":{}}],"line":136},"12":{"loc":{"start":{"line":222,"column":4},"end":{"line":227,"column":5}},"type":"if","locations":[{"start":{"line":222,"column":4},"end":{"line":227,"column":5}},{"start":{},"end":{}}],"line":222},"13":{"loc":{"start":{"line":222,"column":8},"end":{"line":222,"column":36}},"type":"binary-expr","locations":[{"start":{"line":222,"column":8},"end":{"line":222,"column":21}},{"start":{"line":222,"column":25},"end":{"line":222,"column":36}}],"line":222},"14":{"loc":{"start":{"line":251,"column":4},"end":{"line":256,"column":5}},"type":"if","locations":[{"start":{"line":251,"column":4},"end":{"line":256,"column":5}},{"start":{},"end":{}}],"line":251},"15":{"loc":{"start":{"line":310,"column":4},"end":{"line":315,"column":5}},"type":"if","locations":[{"start":{"line":310,"column":4},"end":{"line":315,"column":5}},{"start":{},"end":{}}],"line":310},"16":{"loc":{"start":{"line":319,"column":4},"end":{"line":324,"column":5}},"type":"if","locations":[{"start":{"line":319,"column":4},"end":{"line":324,"column":5}},{"start":{},"end":{}}],"line":319},"17":{"loc":{"start":{"line":330,"column":4},"end":{"line":335,"column":5}},"type":"if","locations":[{"start":{"line":330,"column":4},"end":{"line":335,"column":5}},{"start":{},"end":{}}],"line":330},"18":{"loc":{"start":{"line":386,"column":4},"end":{"line":391,"col
[...]
":{"line":384,"column":9},"end":{"line":384,"column":17}},"loc":{"start":{"line":384,"column":45},"end":{"line":397,"column":1}},"line":384}},"branchMap":{"0":{"loc":{"start":{"line":30,"column":16},"end":{"line":30,"column":73}},"type":"binary-expr","locations":[{"start":{"line":30,"column":16},"end":{"line":30,"column":35}},{"start":{"line":30,"column":39},"end":{"line":30,"column":73}}],"line":30},"1":{"loc":{"start":{"line":31,"column":18},"end":{"line":31,"column":49}},"type":"binary-expr","locations":[{"start":{"line":31,"column":18},"end":{"line":31,"column":39}},{"start":{"line":31,"column":43},"end":{"line":31,"column":49}}],"line":31},"2":{"loc":{"start":{"line":34,"column":21},"end":{"line":34,"column":65}},"type":"binary-expr","locations":[{"start":{"line":34,"column":21},"end":{"line":34,"column":45}},{"start":{"line":34,"column":49},"end":{"line":34,"column":65}}],"line":34},"3":{"loc":{"start":{"line":35,"column":20},"end":{"line":35,"column":52}},"type":"binary-expr","locations":[{"start":{"line":35,"column":20},"end":{"line":35,"column":43}},{"start":{"line":35,"column":47},"end":{"line":35,"column":52}}],"line":35},"4":{"loc":{"start":{"line":36,"column":22},"end":{"line":36,"column":53}},"type":"binary-expr","locations":[{"start":{"line":36,"column":22},"end":{"line":36,"column":47}},{"start":{"line":36,"column":51},"end":{"line":36,"column":53}}],"line":36},"5":{"loc":{"start":{"line":52,"column":2},"end":{"line":54,"column":3}},"type":"if","locations":[{"start":{"line":52,"column":2},"end":{"line":54,"column":3}},{"start":{},"end":{}}],"line":52},"6":{"loc":{"start":{"line":79,"column":4},"end":{"line":83,"column":5}},"type":"if","locations":[{"start":{"line":79,"column":4},"end":{"line":83,"column":5}},{"start":{},"end":{}}],"line":79},"7":{"loc":{"start":{"line":126,"column":4},"end":{"line":128,"column":5}},"type":"if","locations":[{"start":{"line":126,"column":4},"end":{"line":128,"column":5}},{"start":{},"end":{}}],"line":126},"8":{"loc":{"start":{"line":126,"column":8},"end":{"line":126,"column":47}},"type":"binary-expr","locations":[{"start":{"line":126,"column":8},"end":{"line":126,"column":31}},{"start":{"line":126,"column":35},"end":{"line":126,"column":47}}],"line":126},"9":{"loc":{"start":{"line":130,"column":21},"end":{"line":130,"column":49}},"type":"cond-expr","locations":[{"start":{"line":130,"column":42},"end":{"line":130,"column":44}},{"start":{"line":130,"column":47},"end":{"line":130,"column":49}}],"line":130},"10":{"loc":{"start":{"line":136,"column":6},"end":{"line":142,"column":7}},"type":"if","locations":[{"start":{"line":136,"column":6},"end":{"line":142,"column":7}},{"start":{"line":138,"column":13},"end":{"line":142,"column":7}}],"line":136},"11":{"loc":{"start":{"line":138,"column":13},"end":{"line":142,"column":7}},"type":"if","locations":[{"start":{"line":138,"column":13},"end":{"line":142,"column":7}},{"start":{"line":140,"column":13},"end":{"line":142,"column":7}}],"line":138},"12":{"loc":{"start":{"line":138,"column":17},"end":{"line":138,"column":66}},"type":"binary-expr","locations":[{"start":{"line":138,"column":17},"end":{"line":138,"column":45}},{"start":{"line":138,"column":49},"end":{"line":138,"column":66}}],"line":138},"13":{"loc":{"start":{"line":226,"column":54},"end":{"line":226,"column":67}},"type":"default-arg","locations":[{"start":{"line":226,"column":63},"end":{"line":226,"column":67}}],"line":226},"14":{"loc":{"start":{"line":235,"column":2},"end":{"line":237,"column":3}},"type":"if","locations":[{"start":{"line":235,"column":2},"end":{"line":237,"column":3}},{"start":{},"end":{}}],"line":235},"15":{"loc":{"start":{"line":235,"column":6},"end":{"line":235,"column":24}},"type":"binary-expr","locations":[{"start":{"line":235,"column":6},"end":{"line":235,"column":14}},{"start":{"line":235,"column":18},"end":{"line":235,"column":24}}],"line":235},"16":{"loc":{"start":{"line":239,"column":2},"end":{"line":243,"column":3}},"type":"if","locations":[{"start":{"line":239,"column":2},"end":{"line":243,"column":3}},{"start":{"line":241,"column":9},"end":{"line":243,"column":3}}],"line":239},"17":{"loc":{"start":{"line":257,"column":2},"end":{"line":257,"column":18}},"type":"default-arg","locations":[{"start":{"line":257,"column":14},"end":{"line":257,"column":18}}],"line":257},"18":{"loc":{"start":{"line":258,"column":2},"end":{"line":258,"column":15}},"type":"default-arg","locations":[{"start":{"line":258,"column":11},"end":{"line":258,"column":15}}],"line":258},"19":{"loc":{"start":{"line":267,"column":2},"end":{"line":269,"column":3}},"type":"if","locations":[{"start":{"line":267,"column":2},"end":{"line":269,"column":3}},{"start":{},"end":{}}],"line":267},"20":{"loc":{"start":{"line":271,"column":2},"end":{"line":273,"column":3}},"type":"if","locations":[{"start":{"line":271,"column":2},"end":{"line":273,"column":3}},{"start":{},"end":{}}],"line":271},"21":{"loc":{"start":{"line":271,"column":6},"end":{"line":271,"column":24}},"type":"binary-expr","locations":[{"start":{"line":271,"column":6},"end":{"line":271,"column":14}},{"start":{"line":271,"column":18},"end":{"line":271,"column":24}}],"line":271},"22":{"loc":{"start":{"line":275,"column":2},"end":{"line":279,"column":3}},"type":"if","locations":[{"start":{"line":275,"column":2},"end":{"line":279,"column":3}},{"start":{"line":277,"column":9},"end":{"line":279,"column":3}}],"line":275},"23":{"loc":{"start":{"line":313,"column":44},"end":{"line":313,"column":56}},"type":"default-arg","locations":[{"start":{"line":313,"column":54},"end":{"line":313,"column":56}}],"line":313},"24":{"loc":{"start":{"line":337,"column":54},"end":{"line":337,"column":66}},"type":"default-arg","locations":[{"start":{"line":337,"column":64},"end":{"line":337,"column":66}}],"line":337},"25":{"loc":{"start":{"line":343,"column":19},"end":{"line":343,"column":68}},"type":"cond-expr","locations":[{"start":{"line":343,"column":47},"end":{"line":343,"column":52}},{"start":{"line":343,"column":55},"end":{"line":343,"column":68}}],"line":343},"26":{"loc":{"start":{"line":348,"column":2},"end":{"line":350,"column":3}},"type":"if","locations":[{"start":{"line":348,"column":2},"end":{"line":350,"column":3}},{"start":{},"end":{}}],"line":348},"27":{"loc":{"start":{"line":360,"column":26},"end":{"line":360,"column":35}},"type":"default-arg","locations":[{"start":{"line":360,"column":33},"end":{"line":360,"column":35}}],"line":360},"28":{"loc":{"start":{"line":372,"column":26},"end":{"line":372,"column":35}},"type":"default-arg","locations":[{"start":{"line":372,"column":33},"end":{"line":372,"column":35}}],"line":372},"29":{"loc":{"start":{"line":384,"column":27},"end":{"line":384,"column":43}},"type":"default-arg","locations":[{"start":{"line":384,"column":41},"end":{"line":384,"column":43}}],"line":384},"30":{"loc":{"start":{"line":389,"column":2},"end":{"line":394,"column":3}},"type":"if","locations":[{"start":{"line":389,"column":2},"end":{"line":394,"column":3}},{"start":{"line":392,"column":9},"end":{"line":394,"column":3}}],"line":389}},"s":{"0":1,"1":1,"2":1,"3":1,"4":1,"5":1,"6":1,"7":1,"8":1,"9":1,"10":1,"11":1,"12":1,"13":0,"14":1,"15":1,"16":16,"17":16,"18":16,"19":12,"20":12,"21":16,"22":12,"23":12,"24":16,"25":0,"26":16,"27":16,"28":76,"29":76,"30":1064,"31":0,"32":76,"33":4,"34":72,"35":16,"36":12,"37":1,"38":0,"39":0,"40":0,"41":0,"42":0,"43":0,"44":0,"45":0,"46":0,"47":0,"48":0,"49":0,"50":0,"51":0,"52":0,"53":0,"54":5,"55":5,"56":0,"57":0,"58":0,"59":0,"60":3,"61":0,"62":0,"63":0,"64":0,"65":0,"66":0,"67":0,"68":1},"f":{"0":1,"1":16,"2":12,"3":16,"4":1064,"5":0,"6":0,"7":0,"8":5,"9":0,"10":3,"11":0,"12":0},"b":{"0":[1,1],"1":[1,0],"2":[1,1],"3":[1,1],"4":[1,1],"5":[0,1],"6":[12,4],"7":[0,16],"8":[16,16],"9":[4,12],"10":[0,76],"11":[4,72],"12":[76,4],"13":[0],"14":[0,0],"15":[0,0],"16":[0,0],"17":[0],"18":[0],"19":[0,0],"20":[0,0],"21":[0,0],"22":[0,0],"23":[3],"24":[0],"25":[0,0],"26":[0,0],"27":[2],"28":[0],"29":[0],"30":[0,0]},"_coverageSchema":"1a1c01bbd47fc00a2c39e90264f33305004495a9","hash":"f4c2f6661b74234cafcc7a99a10abbdf0f2a79f5"}
,"G:\\酒馆编写参考\\anti-theft-server\\src\\utils\\passwordGenerator.js": {"path":"G:\\酒馆编写参考\\anti-theft-server\\src\\utils\\passwordGenerator.js","statementMap":{"0":{"start":{"line":21,"column":49},"end":{"line":21,"column":56}},"1":{"start":{"line":24,"column":2},"end":{"line":26,"column":3}},"2":{"start":{"line":25,"column":4},"end":{"line":25,"column":40}},"3":{"start":{"line":29,"column":20},"end":{"line":29,"column":48}},"4":{"start":{"line":30,"column":20},"end":{"line":30,"column":48}},"5":{"start":{"line":31,"column":18},"end":{"line":31,"column":30}},"6":{"start":{"line":32,"column":18},"end":{"line":32,"column":46}},"7":{"start":{"line":35,"column":17},"end":{"line":35,"column":48}},"8":{"start":{"line":36,"column":2},"end":{"line":38,"column":3}},"9":{"start":{"line":37,"column":4},"end":{"line":37,"column":24}},"10":{"start":{"line":41,"column":17},"end":{"line":41,"column":19}},"11":{"start":{"line":44,"column":2},"end":{"line":44,"column":70}},"12":{"start":{"line":47,"column":2},"end":{"line":47,"column":70}},"13":{"start":{"line":50,"column":2},"end":{"line":50,"column":66}},"14":{"start":{"line":53,"column":2},"end":{"line":55,"column":3}},"15":{"start":{"line":54,"column":4},"end":{"line":54,"column":68}},"16":{"start":{"line":58,"column":26},"end":{"line":58,"column":50}},"17":{"start":{"line":59,"column":2},"end":{"line":61,"column":3}},"18":{"start":{"line":59,"column":15},"end":{"line":59,"column":16}},"19":{"start":{"line":60,"column":4},"end":{"line":60,"column":70}},"20":{"start":{"line":64,"column":24},"end":{"line":64,"column":42}},"21":{"start":{"line":65,"column":2},"end":{"line":68,"column":3}},"22":{"start":{"line":65,"column":15},"end":{"line":65,"column":39}},"23":{"start":{"line":66,"column":14},"end":{"line":66,"column":49}},"24":{"start":{"line":67,"column":4},"end":{"line":67,"column":80}},"25":{"start":{"line":70,"column":2},"end":{"line":70,"column":32}},"26":{"start":{"line":73,"column":0},"end":{"line":75,"column":2}}},"fnMap":{"0":{"name":"generateRandomPassword","decl":{"start":{"line":20,"column":9},"end":{"line":20,"column":31}},"loc":{"start":{"line":20,"column":46},"end":{"line":71,"column":1}},"line":20}},"branchMap":{"0":{"loc":{"start":{"line":20,"column":32},"end":{"line":20,"column":44}},"type":"default-arg","locations":[{"start":{"line":20,"column":42},"end":{"line":20,"column":44}}],"line":20},"1":{"loc":{"start":{"line":21,"column":10},"end":{"line":21,"column":21}},"type":"default-arg","locations":[{"start":{"line":21,"column":19},"end":{"line":21,"column":21}}],"line":21},"2":{"loc":{"start":{"line":21,"column":23},"end":{"line":21,"column":44}},"type":"default-arg","locations":[{"start":{"line":21,"column":40},"end":{"line":21,"column":44}}],"line":21},"3":{"loc":{"start":{"line":24,"column":2},"end":{"line":26,"column":3}},"type":"if","locations":[{"start":{"line":24,"column":2},"end":{"line":26,"column":3}},{"start":{},"end":{}}],"line":24},"4":{"loc":{"start":{"line":24,"column":6},"end":{"line":24,"column":62}},"type":"binary-expr","locations":[{"start":{"line":24,"column":6},"end":{"line":24,"column":32}},{"start":{"line":24,"column":36},"end":{"line":24,"column":46}},{"start":{"line":24,"column":50},"end":{"line":24,"column":62}}],"line":24},"5":{"loc":{"start":{"line":36,"column":2},"end":{"line":38,"column":3}},"type":"if","locations":[{"start":{"line":36,"column":2},"end":{"line":38,"column":3}},{"start":{},"end":{}}],"line":36},"6":{"loc":{"start":{"line":53,"column":2},"end":{"line":55,"column":3}},"type":"if","locations":[{"start":{"line":53,"column":2},"end":{"line":55,"column":3}},{"start":{},"end":{}}],"line":53}},"s":{"0":0,"1":0,"2":0,"3":0,"4":0,"5":0,"6":0,"7":0,"8":0,"9":0,"10":0,"11":0,"12":0,"13":0,"14":0,"15":0,"16":0,"17":0,"18":0,"19":0,"20":0,"21":0,"22":0,"23":0,"24":0,"25":0,"26":1},"f":{"0":0},"b":{"0":[0],"1":[0],"2":[0],"3":[0,0],"4":[0,0,0],"5":[0,0],"6":[0,0]},"_coverageSchema":"1a1c01bbd47fc00a2c39e90264f33305004495a9","hash":"0abab2062c94ce11fea0460ae9ef925f7a831799"}
,"G:\\酒馆编写参考\\anti-theft-server\\src\\utils\\sanitize.js": {"path":"G:\\酒馆编写参考\\anti-theft-server\\src\\utils\\sanitize.js","statementMap":{"0":{"start":{"line":14,"column":12},"end":{"line":14,"column":26}},"1":{"start":{"line":26,"column":19},"end":{"line":30,"column":1}},"2":{"start":{"line":50,"column":2},"end":{"line":52,"column":3}},"3":{"start":{"line":51,"column":4},"end":{"line":51,"column":17}},"4":{"start":{"line":55,"column":2},"end":{"line":55,"column":32}},"5":{"start":{"line":69,"column":2},"end":{"line":71,"column":3}},"6":{"start":{"line":70,"column":4},"end":{"line":70,"column":15}},"7":{"start":{"line":73,"column":20},"end":{"line":73,"column":22}},"8":{"start":{"line":75,"column":2},"end":{"line":87,"column":3}},"9":{"start":{"line":76,"column":4},"end":{"line":86,"column":5}},"10":{"start":{"line":77,"column":20},"end":{"line":77,"column":28}},"11":{"start":{"line":79,"column":6},"end":{"line":85,"column":7}},"12":{"start":{"line":80,"column":8},"end":{"line":80,"column":44}},"13":{"start":{"line":81,"column":13},"end":{"line":85,"column":7}},"14":{"start":{"line":82,"column":8},"end":{"line":82,"column":47}},"15":{"start":{"line":84,"column":8},"end":{"line":84,"column":31}},"16":{"start":{"line":89,"column":2},"end":{"line":89,"column":19}},"17":{"start":{"line":114,"column":2},"end":{"line":116,"column":3}},"18":{"start":{"line":115,"column":4},"end":{"line":115,"column":17}},"19":{"start":{"line":119,"column":28},"end":{"line":127,"column":3}},"20":{"start":{"line":130,"column":2},"end":{"line":134,"column":3}},"21":{"start":{"line":131,"column":4},"end":{"line":133,"column":5}},"22":{"start":{"line":132,"column":6},"end":{"line":132,"column":19}},"23":{"start":{"line":136,"column":2},"end":{"line":136,"column":14}},"24":{"start":{"line":150,"column":2},"end":{"line":152,"column":3}},"25":{"start":{"line":151,"column":4},"end":{"line":151,"column":14}},"26":{"start":{"line":155,"column":2},"end":{"line":160,"column":23}},"27":{"start":{"line":181,"column":2},"end":{"line":183,"column":3}},"28":{"start":{"line":182,"column":4},"end":{"line":182,"column":17}},"29":{"start":{"line":186,"column":28},"end":{"line":196,"column":3}},"30":{"start":{"line":199,"column":2},"end":{"line":203,"column":3}},"31":{"start":{"line":200,"column":4},"end":{"line":202,"column":5}},"32":{"start":{"line":201,"column":6},"end":{"line":201,"column":18}},"33":{"start":{"line":205,"column":2},"end":{"line":205,"column":15}},"34":{"start":{"line":219,"column":2},"end":{"line":221,"column":3}},"35":{"start":{"line":220,"column":4},"end":{"line":220,"column":17}},"36":{"start":{"line":223,"column":2},"end":{"line":223,"column":22}},"37":{"start":{"line":237,"column":2},"end":{"line":239,"column":3}},"38":{"start":{"line":238,"column":4},"end":{"line":238,"column":17}},"39":{"start":{"line":242,"column":21},"end":{"line":242,"column":43}},"40":{"start":{"line":243,"column":2},"end":{"line":243,"column":33}},"41":{"start":{"line":250,"column":0},"end":{"line":265,"column":2}}},"fnMap":{"0":{"name":"sanitizeXSS","decl":{"start":{"line":49,"column":9},"end":{"line":49,"column":20}},"loc":{"start":{"line":49,"column":28},"end":{"line":56,"column":1}},"line":49},"1":{"name":"sanitizeObject","decl":{"start":{"line":68,"column":9},"end":{"line":68,"column":23}},"loc":{"start":{"line":68,"column":29},"end":{"line":90,"column":1}},"line":68},"2":{"name":"isPathSafe","decl":{"start":{"line":113,"column":9},"end":{"line":113,"column":19}},"loc":{"start":{"line":113,"column":30},"end":{"line":137,"column":1}},"line":113},"3":{"name":"sanitizePath","decl":{"start":{"line":149,"column":9},"end":{"line":149,"column":21}},"loc":{"start":{"line":149,"column":32},"end":{"line":161,"column":1}},"line":149},"4":{"name":"hasNoSQLInjection","decl":{"start":{"line":180,"column":9},"end":{"line":180,"column":26}},"loc":{"start":{"line":180,"column":34},"end":{"line":206,"column":1}},"line":180},"5":{"name":"normalizeString","decl":{"start":{"line":218,"column":9},"end":{"line":218,"column":24}},"loc":{"start":{"line":218,"column":32},"end":{"line":224,"column":1}},"line":218},"6":{"name":"sanitizeAndNormalize","decl":{"start":{"line":236,"column":9},"end":{"line":236,"column":29}},"loc":{"start":{"line":236,"column":37},"end":{"line":244,"column":1}},"line":236}},"branchMap":{"0":{"loc":{"start":{"line":50,"column":2},"end":{"line":52,"column":3}},"type":"if","locations":[{"start":{"line":50,"column":2},"end":{"line":52,"column":3}},{"start":{},"end":{}}],"line":50},"1":{"loc":{"start":{"line":69,"column":2},"end":{"line":71,"column":3}},"type":"if","locations":[{"start":{"line":69,"column":2},"end":{"line":71,"column":3}},{"start":{},"end":{}}],"line":69},"2":{"loc":{"start":{"line":69,"column":6},"end":{"line":69,"column":37}},"type":"binary-expr","locations":[{"start":{"line":69,"column":6},"end":{"line":69,"column":10}},{"start":{"line":69,"column":14},"end":{"line":69,"column":37}}],"line":69},"3":{"loc":{"start":{"line":76,"column":4},"end":{"line":86,"column":5}},"type":"if","locations":[{"start":{"line":76,"column":4},"end":{"line":86,"column":5}},{"start":{},"end":{}}],"line":76},"4":{"loc":{"start":{"line":79,"column":6},"end":{"line":85,"column":7}},"type":"if","locations":[{"start":{"line":79,"column":6},"end":{"line":85,"column":7}},{"start":{"line":81,"column":13},"end":{"line":85,"column":7}}],"line":79},"5":{"loc":{"start":{"line":81,"column":13},"end":{"line":85,"column":7}},"type":"if","locations":[{"start":{"line":81,"column":13},"end":{"line":85,"column":7}},{"start":{"line":83,"column":13},"end":{"line":85,"column":7}}],"line":81},"6":{"loc":{"start":{"line":81,"column":17},"end":{"line":81,"column":60}},"type":"binary-expr","locations":[{"start":{"line":81,"column":17},"end":{"line":81,"column":42}},{"start":{"line":81,"column":46},"end":{"line":81,"column":60}}],"line":81},"7":{"loc":{"start":{"line":114,"column":2},"end":{"line":116,"column":3}},"type":"if","locations":[{"start":{"line":114,"column":2},"end":{"line":116,"column":3}},{"start":{},"end":{}}],"line":114},"8":{"loc":{"start":{"line":131,"column":4},"end":{"line":133,"column":5}},"type":"if","locations":[{"start":{"line":131,"column":4},"end":{"line":133,"column":5}},{"start":{},"end":{}}],"line":131},"9":{"loc":{"start":{"line":150,"column":2},"end":{"line":152,"column":3}},"type":"if","locations":[{"start":{"line":150,"column":2},"end":{"line":152,"column":3}},{"start":{},"end":{}}],"line":150},"10":{"loc":{"start":{"line":181,"column":2},"end":{"line":183,"column":3}},"type":"if","locations":[{"start":{"line":181,"column":2},"end":{"line":183,"column":3}},{"start":{},"end":{}}],"line":181},"11":{"loc":{"start":{"line":200,"column":4},"end":{"line":202,"column":5}},"type":"if","locations":[{"start":{"line":200,"column":4},"end":{"line":202,"column":5}},{"start":{},"end":{}}],"line":200},"12":{"loc":{"start":{"line":219,"column":2},"end":{"line":221,"column":3}},"type":"if","locations":[{"start":{"line":219,"column":2},"end":{"line":221,"column":3}},{"start":{},"end":{}}],"line":219},"13":{"loc":{"start":{"line":237,"column":2},"end":{"line":239,"column":3}},"type":"if","locations":[{"start":{"line":237,"column":2},"end":{"line":239,"column":3}},{"start":{},"end":{}}],"line":237}},"s":{"0":1,"1":1,"2":0,"3":0,"4":0,"5":0,"6":0,"7":0,"8":0,"9":0,"10":0,"11":0,"12":0,"13":0,"14":0,"15":0,"16":0,"17":0,"18":0,"19":0,"20":0,"21":0,"22":0,"23":0,"24":0,"25":0,"26":0,"27":0,"28":0,"29":0,"30":0,"31":0,"32":0,"33":0,"34":0,"35":0,"36":0,"37":0,"38":0,"39":0,"40":0,"41":1},"f":{"0":0,"1":0,"2":0,"3":0,"4":0,"5":0,"6":0},"b":{"0":[0,0],"1":[0,0],"2":[0,0],"3":[0,0],"4":[0,0],"5":[0,0],"6":[0,0],"7":[0,0],"8":[0,0],"9":[0,0],"10":[0,0],"11":[0,0],"12":[0,0],"13":[0,0]},"_coverageSchema":"1a1c01bbd47fc00a2c39e90264f33305004495a9","hash":"e405a6abd5111ae6109b79cc2b9ee691cc08d223"}
}
